2019-03-07 17:41:06,398   GET     200     117 ms  /3/Cloud
2019-03-07 17:41:06,437   GET     200      31 ms  /3/Capabilities/API
2019-03-07 17:41:29,721   POST    999    1274 ms  /3/PostFile
2019-03-07 17:41:30,271   POST    200     535 ms  /3/ParseSetup
2019-03-07 17:41:30,812   POST    200     534 ms  /3/Parse
2019-03-07 17:41:30,826   GET     200       6 ms  /3/Jobs/$0301c0a802fd32d4ffffffff$_81909d5a7357d5d05639e833ba9447e6
2019-03-07 17:41:31,038   GET     200       3 ms  /3/Jobs/$0301c0a802fd32d4ffffffff$_81909d5a7357d5d05639e833ba9447e6
2019-03-07 17:41:31,247   GET     200       1 ms  /3/Jobs/$0301c0a802fd32d4ffffffff$_81909d5a7357d5d05639e833ba9447e6
2019-03-07 17:41:31,455   GET     200       0 ms  /3/Jobs/$0301c0a802fd32d4ffffffff$_81909d5a7357d5d05639e833ba9447e6
2019-03-07 17:41:31,664   GET     200       1 ms  /3/Jobs/$0301c0a802fd32d4ffffffff$_81909d5a7357d5d05639e833ba9447e6
2019-03-07 17:41:31,871   GET     200       1 ms  /3/Jobs/$0301c0a802fd32d4ffffffff$_81909d5a7357d5d05639e833ba9447e6
2019-03-07 17:41:32,087   GET     200       1 ms  /3/Jobs/$0301c0a802fd32d4ffffffff$_81909d5a7357d5d05639e833ba9447e6
2019-03-07 17:41:32,352   GET     200       1 ms  /3/Jobs/$0301c0a802fd32d4ffffffff$_81909d5a7357d5d05639e833ba9447e6
2019-03-07 17:41:32,674   GET     200       0 ms  /3/Jobs/$0301c0a802fd32d4ffffffff$_81909d5a7357d5d05639e833ba9447e6
2019-03-07 17:41:33,057   GET     200       2 ms  /3/Jobs/$0301c0a802fd32d4ffffffff$_81909d5a7357d5d05639e833ba9447e6
2019-03-07 17:41:33,518   GET     200       0 ms  /3/Jobs/$0301c0a802fd32d4ffffffff$_81909d5a7357d5d05639e833ba9447e6
2019-03-07 17:41:34,071   GET     200       1 ms  /3/Jobs/$0301c0a802fd32d4ffffffff$_81909d5a7357d5d05639e833ba9447e6
2019-03-07 17:41:34,728   GET     200       1 ms  /3/Jobs/$0301c0a802fd32d4ffffffff$_81909d5a7357d5d05639e833ba9447e6
2019-03-07 17:41:35,522   GET     200       1 ms  /3/Jobs/$0301c0a802fd32d4ffffffff$_81909d5a7357d5d05639e833ba9447e6
2019-03-07 17:41:36,128   GET     200       0 ms  /3/Jobs/$0301c0a802fd32d4ffffffff$_81909d5a7357d5d05639e833ba9447e6
2019-03-07 17:41:36,201   GET     200      69 ms  /3/Frames/Key_Frame__upload_9f10db11b2ba6209cdd359f6335041d9.hex
2019-03-07 17:41:58,389   POST    999     961 ms  /3/PostFile
2019-03-07 17:41:58,644   POST    200     234 ms  /3/ParseSetup
2019-03-07 17:41:58,649   POST    200       2 ms  /3/Parse
2019-03-07 17:41:58,660   GET     200       2 ms  /3/Jobs/$0301c0a802fd32d4ffffffff$_95d35c490c47f1eafc3ee552f3314b62
2019-03-07 17:41:58,865   GET     200       0 ms  /3/Jobs/$0301c0a802fd32d4ffffffff$_95d35c490c47f1eafc3ee552f3314b62
2019-03-07 17:41:59,074   GET     200       0 ms  /3/Jobs/$0301c0a802fd32d4ffffffff$_95d35c490c47f1eafc3ee552f3314b62
2019-03-07 17:41:59,285   GET     200       1 ms  /3/Jobs/$0301c0a802fd32d4ffffffff$_95d35c490c47f1eafc3ee552f3314b62
2019-03-07 17:41:59,496   GET     200       1 ms  /3/Jobs/$0301c0a802fd32d4ffffffff$_95d35c490c47f1eafc3ee552f3314b62
2019-03-07 17:41:59,704   GET     200       2 ms  /3/Jobs/$0301c0a802fd32d4ffffffff$_95d35c490c47f1eafc3ee552f3314b62
2019-03-07 17:42:00,022   GET     200       1 ms  /3/Jobs/$0301c0a802fd32d4ffffffff$_95d35c490c47f1eafc3ee552f3314b62
2019-03-07 17:42:00,309   GET     200       1 ms  /3/Jobs/$0301c0a802fd32d4ffffffff$_95d35c490c47f1eafc3ee552f3314b62
2019-03-07 17:42:00,648   GET     200       1 ms  /3/Jobs/$0301c0a802fd32d4ffffffff$_95d35c490c47f1eafc3ee552f3314b62
2019-03-07 17:42:01,056   GET     200       1 ms  /3/Jobs/$0301c0a802fd32d4ffffffff$_95d35c490c47f1eafc3ee552f3314b62
2019-03-07 17:42:01,549   GET     200       2 ms  /3/Jobs/$0301c0a802fd32d4ffffffff$_95d35c490c47f1eafc3ee552f3314b62
2019-03-07 17:42:02,139   GET     200       3 ms  /3/Jobs/$0301c0a802fd32d4ffffffff$_95d35c490c47f1eafc3ee552f3314b62
2019-03-07 17:42:02,847   GET     200       1 ms  /3/Jobs/$0301c0a802fd32d4ffffffff$_95d35c490c47f1eafc3ee552f3314b62
2019-03-07 17:42:02,871   GET     200      20 ms  /3/Frames/Key_Frame__upload_a422ea82fe5db98f794255995b6f4b37.hex
2019-03-07 17:42:03,209   POST    200       9 ms  /4/sessions
2019-03-07 17:42:03,323   POST    200     110 ms  /99/Rapids
2019-03-07 17:42:03,742   POST    200     372 ms  /99/Rapids
2019-03-07 17:42:03,753   POST    200       1 ms  /99/Rapids
2019-03-07 17:42:03,761   POST    200       3 ms  /99/Rapids
2019-03-07 17:42:03,767   GET     301       0 ms  /
2019-03-07 17:42:03,773   GET     200       3 ms  /flow/index.html
2019-03-07 17:42:03,784   POST    200       8 ms  /3/Shutdown
2019-03-07 17:42:03,793   DELETE  200       5 ms  /4/sessions/_sid_8421
