2019-03-07 18:01:03,950   GET     200     111 ms  /3/Cloud
2019-03-07 18:01:03,989   GET     200      32 ms  /3/Capabilities/API
2019-03-07 18:01:27,520   POST    999    1345 ms  /3/PostFile
2019-03-07 18:01:28,026   POST    200     493 ms  /3/ParseSetup
2019-03-07 18:01:28,085   POST    200      56 ms  /3/Parse
2019-03-07 18:01:28,096   GET     200       6 ms  /3/Jobs/$0301c0a802fd32d4ffffffff$_9fea3af3428fd45326312061a0b04f7b
2019-03-07 18:01:28,311   GET     200       1 ms  /3/Jobs/$0301c0a802fd32d4ffffffff$_9fea3af3428fd45326312061a0b04f7b
2019-03-07 18:01:28,527   GET     200       1 ms  /3/Jobs/$0301c0a802fd32d4ffffffff$_9fea3af3428fd45326312061a0b04f7b
2019-03-07 18:01:28,737   GET     200       1 ms  /3/Jobs/$0301c0a802fd32d4ffffffff$_9fea3af3428fd45326312061a0b04f7b
2019-03-07 18:01:28,947   GET     200       0 ms  /3/Jobs/$0301c0a802fd32d4ffffffff$_9fea3af3428fd45326312061a0b04f7b
2019-03-07 18:01:29,154   GET     200       1 ms  /3/Jobs/$0301c0a802fd32d4ffffffff$_9fea3af3428fd45326312061a0b04f7b
2019-03-07 18:01:29,371   GET     200       1 ms  /3/Jobs/$0301c0a802fd32d4ffffffff$_9fea3af3428fd45326312061a0b04f7b
2019-03-07 18:01:29,991   GET     200       3 ms  /3/Jobs/$0301c0a802fd32d4ffffffff$_9fea3af3428fd45326312061a0b04f7b
2019-03-07 18:01:30,375   GET     200       1 ms  /3/Jobs/$0301c0a802fd32d4ffffffff$_9fea3af3428fd45326312061a0b04f7b
2019-03-07 18:01:30,837   GET     200       1 ms  /3/Jobs/$0301c0a802fd32d4ffffffff$_9fea3af3428fd45326312061a0b04f7b
2019-03-07 18:01:31,395   GET     200       1 ms  /3/Jobs/$0301c0a802fd32d4ffffffff$_9fea3af3428fd45326312061a0b04f7b
2019-03-07 18:01:32,067   GET     200       1 ms  /3/Jobs/$0301c0a802fd32d4ffffffff$_9fea3af3428fd45326312061a0b04f7b
2019-03-07 18:01:32,875   GET     200       1 ms  /3/Jobs/$0301c0a802fd32d4ffffffff$_9fea3af3428fd45326312061a0b04f7b
2019-03-07 18:01:33,484   GET     200       2 ms  /3/Jobs/$0301c0a802fd32d4ffffffff$_9fea3af3428fd45326312061a0b04f7b
2019-03-07 18:01:33,650   GET     200     154 ms  /3/Frames/Key_Frame__upload_a2be4cb4dfac4d90969dfa5f4b04cb0.hex
2019-03-07 18:01:55,276   POST    999     750 ms  /3/PostFile
2019-03-07 18:01:55,837   POST    200     535 ms  /3/ParseSetup
2019-03-07 18:01:55,843   POST    200       2 ms  /3/Parse
2019-03-07 18:01:55,865   GET     200       1 ms  /3/Jobs/$0301c0a802fd32d4ffffffff$_8a93b86429fc6681824d010146854525
2019-03-07 18:01:56,076   GET     200       2 ms  /3/Jobs/$0301c0a802fd32d4ffffffff$_8a93b86429fc6681824d010146854525
2019-03-07 18:01:56,286   GET     200       0 ms  /3/Jobs/$0301c0a802fd32d4ffffffff$_8a93b86429fc6681824d010146854525
2019-03-07 18:01:56,492   GET     200       1 ms  /3/Jobs/$0301c0a802fd32d4ffffffff$_8a93b86429fc6681824d010146854525
2019-03-07 18:01:56,702   GET     200       0 ms  /3/Jobs/$0301c0a802fd32d4ffffffff$_8a93b86429fc6681824d010146854525
2019-03-07 18:01:56,913   GET     200       0 ms  /3/Jobs/$0301c0a802fd32d4ffffffff$_8a93b86429fc6681824d010146854525
2019-03-07 18:01:57,130   GET     200       0 ms  /3/Jobs/$0301c0a802fd32d4ffffffff$_8a93b86429fc6681824d010146854525
2019-03-07 18:01:57,391   GET     200       1 ms  /3/Jobs/$0301c0a802fd32d4ffffffff$_8a93b86429fc6681824d010146854525
2019-03-07 18:01:57,722   GET     200       0 ms  /3/Jobs/$0301c0a802fd32d4ffffffff$_8a93b86429fc6681824d010146854525
2019-03-07 18:01:58,105   GET     200       1 ms  /3/Jobs/$0301c0a802fd32d4ffffffff$_8a93b86429fc6681824d010146854525
2019-03-07 18:01:58,564   GET     200       0 ms  /3/Jobs/$0301c0a802fd32d4ffffffff$_8a93b86429fc6681824d010146854525
2019-03-07 18:01:59,124   GET     200       1 ms  /3/Jobs/$0301c0a802fd32d4ffffffff$_8a93b86429fc6681824d010146854525
2019-03-07 18:01:59,781   GET     200       1 ms  /3/Jobs/$0301c0a802fd32d4ffffffff$_8a93b86429fc6681824d010146854525
2019-03-07 18:01:59,802   GET     200      16 ms  /3/Frames/Key_Frame__upload_ab82316d361af5c4102dc689c04c4c89.hex
2019-03-07 18:02:00,089   POST    200       9 ms  /4/sessions
2019-03-07 18:02:00,199   POST    200     100 ms  /99/Rapids
2019-03-07 18:02:00,673   POST    200     451 ms  /99/Rapids
2019-03-07 18:02:00,682   POST    200       1 ms  /99/Rapids
2019-03-07 18:02:00,698   POST    200       4 ms  /99/Rapids
2019-03-07 18:02:01,553   POST    200     801 ms  /99/Rapids
2019-03-07 18:02:01,851   POST    200     275 ms  /99/Rapids
2019-03-07 18:02:02,045   POST    200     190 ms  /3/ModelBuilders/glm
2019-03-07 18:02:02,053   GET     200       1 ms  /3/Jobs/$0301c0a802fd32d4ffffffff$_b11155252343f79ae1ef346974074caa
2019-03-07 18:02:02,274   GET     200       0 ms  /3/Jobs/$0301c0a802fd32d4ffffffff$_b11155252343f79ae1ef346974074caa
2019-03-07 18:02:02,485   GET     200       0 ms  /3/Jobs/$0301c0a802fd32d4ffffffff$_b11155252343f79ae1ef346974074caa
2019-03-07 18:02:02,697   GET     200       1 ms  /3/Jobs/$0301c0a802fd32d4ffffffff$_b11155252343f79ae1ef346974074caa
2019-03-07 18:02:02,906   GET     200       0 ms  /3/Jobs/$0301c0a802fd32d4ffffffff$_b11155252343f79ae1ef346974074caa
2019-03-07 18:02:03,119   GET     200       0 ms  /3/Jobs/$0301c0a802fd32d4ffffffff$_b11155252343f79ae1ef346974074caa
2019-03-07 18:02:03,339   GET     200       1 ms  /3/Jobs/$0301c0a802fd32d4ffffffff$_b11155252343f79ae1ef346974074caa
2019-03-07 18:02:03,606   GET     200       0 ms  /3/Jobs/$0301c0a802fd32d4ffffffff$_b11155252343f79ae1ef346974074caa
2019-03-07 18:02:03,937   GET     200       1 ms  /3/Jobs/$0301c0a802fd32d4ffffffff$_b11155252343f79ae1ef346974074caa
2019-03-07 18:02:04,318   GET     200       0 ms  /3/Jobs/$0301c0a802fd32d4ffffffff$_b11155252343f79ae1ef346974074caa
2019-03-07 18:02:04,777   GET     200       1 ms  /3/Jobs/$0301c0a802fd32d4ffffffff$_b11155252343f79ae1ef346974074caa
2019-03-07 18:02:05,332   GET     200       2 ms  /3/Jobs/$0301c0a802fd32d4ffffffff$_b11155252343f79ae1ef346974074caa
2019-03-07 18:02:05,471   GET     200     132 ms  /3/Models/GLM_model_python_1551999653810_1
2019-03-07 18:02:05,549   POST    200      30 ms  /99/Rapids
2019-03-07 18:02:06,016   POST    200     463 ms  /3/ModelMetrics/models/GLM_model_python_1551999653810_1/frames/py_5_sid_ae89
2019-03-07 18:02:06,028   POST    200       1 ms  /4/Predictions/models/GLM_model_python_1551999653810_1/frames/py_5_sid_ae89
2019-03-07 18:02:06,033   GET     200       1 ms  /3/Jobs/$0301c0a802fd32d4ffffffff$_90b2b6228c07806043d41b29e9aa4f5c
2019-03-07 18:02:06,238   GET     200       0 ms  /3/Jobs/$0301c0a802fd32d4ffffffff$_90b2b6228c07806043d41b29e9aa4f5c
2019-03-07 18:02:06,447   GET     200       1 ms  /3/Jobs/$0301c0a802fd32d4ffffffff$_90b2b6228c07806043d41b29e9aa4f5c
2019-03-07 18:02:06,491   GET     200      34 ms  /3/Frames/predictions_a28e_GLM_model_python_1551999653810_1_on_py_5_sid_ae89
2019-03-07 18:02:07,645   GET     200    1148 ms  /3/DownloadDataset
2019-03-07 18:02:16,934   GET     200    8143 ms  /3/DownloadDataset
2019-03-07 18:02:26,010   GET     301       0 ms  /
2019-03-07 18:02:26,014   GET     200       2 ms  /flow/index.html
2019-03-07 18:02:26,025   POST    200       5 ms  /3/Shutdown
2019-03-07 18:02:26,041   DELETE  200      13 ms  /4/sessions/_sid_ae89
