2019-03-07 17:58:15,653   GET     200      93 ms  /3/Cloud
2019-03-07 17:58:15,674   GET     200      14 ms  /3/Capabilities/API
2019-03-07 17:58:38,964   POST    999    1209 ms  /3/PostFile
2019-03-07 17:58:39,486   POST    200     504 ms  /3/ParseSetup
2019-03-07 17:58:39,562   POST    200      73 ms  /3/Parse
2019-03-07 17:58:39,579   GET     200       9 ms  /3/Jobs/$0301c0a802fd32d4ffffffff$_98691ab3fd51ef5d397e030225574424
2019-03-07 17:58:39,799   GET     200      10 ms  /3/Jobs/$0301c0a802fd32d4ffffffff$_98691ab3fd51ef5d397e030225574424
2019-03-07 17:58:40,004   GET     200       1 ms  /3/Jobs/$0301c0a802fd32d4ffffffff$_98691ab3fd51ef5d397e030225574424
2019-03-07 17:58:40,222   GET     200       1 ms  /3/Jobs/$0301c0a802fd32d4ffffffff$_98691ab3fd51ef5d397e030225574424
2019-03-07 17:58:40,434   GET     200       4 ms  /3/Jobs/$0301c0a802fd32d4ffffffff$_98691ab3fd51ef5d397e030225574424
2019-03-07 17:58:40,645   GET     200       1 ms  /3/Jobs/$0301c0a802fd32d4ffffffff$_98691ab3fd51ef5d397e030225574424
2019-03-07 17:58:41,298   GET     200       1 ms  /3/Jobs/$0301c0a802fd32d4ffffffff$_98691ab3fd51ef5d397e030225574424
2019-03-07 17:58:41,651   GET     200       1 ms  /3/Jobs/$0301c0a802fd32d4ffffffff$_98691ab3fd51ef5d397e030225574424
2019-03-07 17:58:42,075   GET     200       0 ms  /3/Jobs/$0301c0a802fd32d4ffffffff$_98691ab3fd51ef5d397e030225574424
2019-03-07 17:58:42,592   GET     200       1 ms  /3/Jobs/$0301c0a802fd32d4ffffffff$_98691ab3fd51ef5d397e030225574424
2019-03-07 17:58:43,200   GET     200       0 ms  /3/Jobs/$0301c0a802fd32d4ffffffff$_98691ab3fd51ef5d397e030225574424
2019-03-07 17:58:43,935   GET     200       1 ms  /3/Jobs/$0301c0a802fd32d4ffffffff$_98691ab3fd51ef5d397e030225574424
2019-03-07 17:58:44,540   GET     200       0 ms  /3/Jobs/$0301c0a802fd32d4ffffffff$_98691ab3fd51ef5d397e030225574424
2019-03-07 17:58:44,614   GET     200      70 ms  /3/Frames/Key_Frame__upload_9889897f9aea6b748ace9ebba54049eb.hex
2019-03-07 17:59:06,760   POST    999    1039 ms  /3/PostFile
2019-03-07 17:59:07,125   POST    200     350 ms  /3/ParseSetup
2019-03-07 17:59:07,131   POST    200       2 ms  /3/Parse
2019-03-07 17:59:07,154   GET     200       4 ms  /3/Jobs/$0301c0a802fd32d4ffffffff$_8071ee06ddb669ea2428d5a0a0984251
2019-03-07 17:59:07,369   GET     200       1 ms  /3/Jobs/$0301c0a802fd32d4ffffffff$_8071ee06ddb669ea2428d5a0a0984251
2019-03-07 17:59:07,580   GET     200       1 ms  /3/Jobs/$0301c0a802fd32d4ffffffff$_8071ee06ddb669ea2428d5a0a0984251
2019-03-07 17:59:07,790   GET     200       0 ms  /3/Jobs/$0301c0a802fd32d4ffffffff$_8071ee06ddb669ea2428d5a0a0984251
2019-03-07 17:59:08,007   GET     200       1 ms  /3/Jobs/$0301c0a802fd32d4ffffffff$_8071ee06ddb669ea2428d5a0a0984251
2019-03-07 17:59:08,217   GET     200       1 ms  /3/Jobs/$0301c0a802fd32d4ffffffff$_8071ee06ddb669ea2428d5a0a0984251
2019-03-07 17:59:08,434   GET     200       1 ms  /3/Jobs/$0301c0a802fd32d4ffffffff$_8071ee06ddb669ea2428d5a0a0984251
2019-03-07 17:59:08,709   GET     200       0 ms  /3/Jobs/$0301c0a802fd32d4ffffffff$_8071ee06ddb669ea2428d5a0a0984251
2019-03-07 17:59:09,042   GET     200       1 ms  /3/Jobs/$0301c0a802fd32d4ffffffff$_8071ee06ddb669ea2428d5a0a0984251
2019-03-07 17:59:09,437   GET     200       0 ms  /3/Jobs/$0301c0a802fd32d4ffffffff$_8071ee06ddb669ea2428d5a0a0984251
2019-03-07 17:59:09,898   GET     200       1 ms  /3/Jobs/$0301c0a802fd32d4ffffffff$_8071ee06ddb669ea2428d5a0a0984251
2019-03-07 17:59:10,457   GET     200       1 ms  /3/Jobs/$0301c0a802fd32d4ffffffff$_8071ee06ddb669ea2428d5a0a0984251
2019-03-07 17:59:11,127   GET     200       2 ms  /3/Jobs/$0301c0a802fd32d4ffffffff$_8071ee06ddb669ea2428d5a0a0984251
2019-03-07 17:59:11,181   GET     200      41 ms  /3/Frames/Key_Frame__upload_8436f3bd1e528fa5a088ef9de809473a.hex
2019-03-07 17:59:11,492   POST    200       8 ms  /4/sessions
2019-03-07 17:59:11,577   POST    200      82 ms  /99/Rapids
2019-03-07 17:59:11,897   POST    200     293 ms  /99/Rapids
2019-03-07 17:59:11,911   POST    200       1 ms  /99/Rapids
2019-03-07 17:59:11,917   POST    200       3 ms  /99/Rapids
2019-03-07 17:59:12,442   POST    200     498 ms  /99/Rapids
2019-03-07 17:59:12,948   POST    200     465 ms  /99/Rapids
2019-03-07 17:59:13,137   POST    200     187 ms  /3/ModelBuilders/glm
2019-03-07 17:59:13,143   GET     200       1 ms  /3/Jobs/$0301c0a802fd32d4ffffffff$_8f17e7c45643acccb2356bba2ecd473a
2019-03-07 17:59:13,347   GET     200       0 ms  /3/Jobs/$0301c0a802fd32d4ffffffff$_8f17e7c45643acccb2356bba2ecd473a
2019-03-07 17:59:13,552   GET     200       1 ms  /3/Jobs/$0301c0a802fd32d4ffffffff$_8f17e7c45643acccb2356bba2ecd473a
2019-03-07 17:59:13,756   GET     200       1 ms  /3/Jobs/$0301c0a802fd32d4ffffffff$_8f17e7c45643acccb2356bba2ecd473a
2019-03-07 17:59:13,960   GET     200       0 ms  /3/Jobs/$0301c0a802fd32d4ffffffff$_8f17e7c45643acccb2356bba2ecd473a
2019-03-07 17:59:14,164   GET     200       0 ms  /3/Jobs/$0301c0a802fd32d4ffffffff$_8f17e7c45643acccb2356bba2ecd473a
2019-03-07 17:59:14,373   GET     200       1 ms  /3/Jobs/$0301c0a802fd32d4ffffffff$_8f17e7c45643acccb2356bba2ecd473a
2019-03-07 17:59:14,623   GET     200       0 ms  /3/Jobs/$0301c0a802fd32d4ffffffff$_8f17e7c45643acccb2356bba2ecd473a
2019-03-07 17:59:14,924   GET     200       1 ms  /3/Jobs/$0301c0a802fd32d4ffffffff$_8f17e7c45643acccb2356bba2ecd473a
2019-03-07 17:59:15,284   GET     200       1 ms  /3/Jobs/$0301c0a802fd32d4ffffffff$_8f17e7c45643acccb2356bba2ecd473a
2019-03-07 17:59:15,726   GET     200       2 ms  /3/Jobs/$0301c0a802fd32d4ffffffff$_8f17e7c45643acccb2356bba2ecd473a
2019-03-07 17:59:16,249   GET     200       1 ms  /3/Jobs/$0301c0a802fd32d4ffffffff$_8f17e7c45643acccb2356bba2ecd473a
2019-03-07 17:59:16,365   GET     200     112 ms  /3/Models/GLM_model_python_1551999485819_1
2019-03-07 17:59:16,427   POST    200      34 ms  /99/Rapids
2019-03-07 17:59:17,053   POST    200     623 ms  /3/ModelMetrics/models/GLM_model_python_1551999485819_1/frames/py_5_sid_835d
2019-03-07 17:59:17,066   POST    200       1 ms  /4/Predictions/models/GLM_model_python_1551999485819_1/frames/py_5_sid_835d
2019-03-07 17:59:17,070   GET     200       0 ms  /3/Jobs/$0301c0a802fd32d4ffffffff$_97fa24d89a6c9f0247553e30acc1472b
2019-03-07 17:59:17,275   GET     200       1 ms  /3/Jobs/$0301c0a802fd32d4ffffffff$_97fa24d89a6c9f0247553e30acc1472b
2019-03-07 17:59:17,479   GET     200       0 ms  /3/Jobs/$0301c0a802fd32d4ffffffff$_97fa24d89a6c9f0247553e30acc1472b
2019-03-07 17:59:17,687   GET     200       1 ms  /3/Jobs/$0301c0a802fd32d4ffffffff$_97fa24d89a6c9f0247553e30acc1472b
2019-03-07 17:59:17,741   GET     200      42 ms  /3/Frames/predictions_b199_GLM_model_python_1551999485819_1_on_py_5_sid_835d
2019-03-07 17:59:18,977   GET     200    1226 ms  /3/DownloadDataset
2019-03-07 17:59:20,123   GET     301       0 ms  /
2019-03-07 17:59:20,127   GET     200       2 ms  /flow/index.html
2019-03-07 17:59:20,133   POST    200       4 ms  /3/Shutdown
2019-03-07 17:59:20,159   DELETE  200      20 ms  /4/sessions/_sid_835d
