2019-03-07 18:04:56,241   GET     200      98 ms  /3/Cloud
2019-03-07 18:04:56,276   GET     200      29 ms  /3/Capabilities/API
2019-03-07 18:05:19,508   POST    999    1060 ms  /3/PostFile
2019-03-07 18:05:20,383   POST    200     856 ms  /3/ParseSetup
2019-03-07 18:05:20,471   POST    200      84 ms  /3/Parse
2019-03-07 18:05:20,489   GET     200      11 ms  /3/Jobs/$0301c0a802fd32d4ffffffff$_b1d71f99bbe76b2950e88e5637ca4eda
2019-03-07 18:05:20,719   GET     200      25 ms  /3/Jobs/$0301c0a802fd32d4ffffffff$_b1d71f99bbe76b2950e88e5637ca4eda
2019-03-07 18:05:20,930   GET     200       1 ms  /3/Jobs/$0301c0a802fd32d4ffffffff$_b1d71f99bbe76b2950e88e5637ca4eda
2019-03-07 18:05:21,138   GET     200       1 ms  /3/Jobs/$0301c0a802fd32d4ffffffff$_b1d71f99bbe76b2950e88e5637ca4eda
2019-03-07 18:05:21,347   GET     200       1 ms  /3/Jobs/$0301c0a802fd32d4ffffffff$_b1d71f99bbe76b2950e88e5637ca4eda
2019-03-07 18:05:21,552   GET     200       1 ms  /3/Jobs/$0301c0a802fd32d4ffffffff$_b1d71f99bbe76b2950e88e5637ca4eda
2019-03-07 18:05:21,771   GET     200       1 ms  /3/Jobs/$0301c0a802fd32d4ffffffff$_b1d71f99bbe76b2950e88e5637ca4eda
2019-03-07 18:05:22,083   GET     200       2 ms  /3/Jobs/$0301c0a802fd32d4ffffffff$_b1d71f99bbe76b2950e88e5637ca4eda
2019-03-07 18:05:22,419   GET     200       0 ms  /3/Jobs/$0301c0a802fd32d4ffffffff$_b1d71f99bbe76b2950e88e5637ca4eda
2019-03-07 18:05:22,816   GET     200       2 ms  /3/Jobs/$0301c0a802fd32d4ffffffff$_b1d71f99bbe76b2950e88e5637ca4eda
2019-03-07 18:05:23,286   GET     200       1 ms  /3/Jobs/$0301c0a802fd32d4ffffffff$_b1d71f99bbe76b2950e88e5637ca4eda
2019-03-07 18:05:23,854   GET     200       1 ms  /3/Jobs/$0301c0a802fd32d4ffffffff$_b1d71f99bbe76b2950e88e5637ca4eda
2019-03-07 18:05:24,536   GET     200       1 ms  /3/Jobs/$0301c0a802fd32d4ffffffff$_b1d71f99bbe76b2950e88e5637ca4eda
2019-03-07 18:05:25,143   GET     200       1 ms  /3/Jobs/$0301c0a802fd32d4ffffffff$_b1d71f99bbe76b2950e88e5637ca4eda
2019-03-07 18:05:25,753   GET     200       1 ms  /3/Jobs/$0301c0a802fd32d4ffffffff$_b1d71f99bbe76b2950e88e5637ca4eda
2019-03-07 18:05:25,821   GET     200      64 ms  /3/Frames/Key_Frame__upload_a38bce3cdae35a7589e2776cc0054749.hex
2019-03-07 18:05:47,778   POST    999     934 ms  /3/PostFile
2019-03-07 18:05:48,144   POST    200     352 ms  /3/ParseSetup
2019-03-07 18:05:48,149   POST    200       2 ms  /3/Parse
2019-03-07 18:05:48,155   GET     200       1 ms  /3/Jobs/$0301c0a802fd32d4ffffffff$_97e1ab832c3899ea317a1a1957864152
2019-03-07 18:05:48,364   GET     200       1 ms  /3/Jobs/$0301c0a802fd32d4ffffffff$_97e1ab832c3899ea317a1a1957864152
2019-03-07 18:05:48,578   GET     200       0 ms  /3/Jobs/$0301c0a802fd32d4ffffffff$_97e1ab832c3899ea317a1a1957864152
2019-03-07 18:05:48,794   GET     200       0 ms  /3/Jobs/$0301c0a802fd32d4ffffffff$_97e1ab832c3899ea317a1a1957864152
2019-03-07 18:05:49,005   GET     200       1 ms  /3/Jobs/$0301c0a802fd32d4ffffffff$_97e1ab832c3899ea317a1a1957864152
2019-03-07 18:05:49,241   GET     200       1 ms  /3/Jobs/$0301c0a802fd32d4ffffffff$_97e1ab832c3899ea317a1a1957864152
2019-03-07 18:05:49,471   GET     200       1 ms  /3/Jobs/$0301c0a802fd32d4ffffffff$_97e1ab832c3899ea317a1a1957864152
2019-03-07 18:05:49,744   GET     200       1 ms  /3/Jobs/$0301c0a802fd32d4ffffffff$_97e1ab832c3899ea317a1a1957864152
2019-03-07 18:05:50,070   GET     200       0 ms  /3/Jobs/$0301c0a802fd32d4ffffffff$_97e1ab832c3899ea317a1a1957864152
2019-03-07 18:05:50,462   GET     200       0 ms  /3/Jobs/$0301c0a802fd32d4ffffffff$_97e1ab832c3899ea317a1a1957864152
2019-03-07 18:05:50,930   GET     200       0 ms  /3/Jobs/$0301c0a802fd32d4ffffffff$_97e1ab832c3899ea317a1a1957864152
2019-03-07 18:05:51,496   GET     200       2 ms  /3/Jobs/$0301c0a802fd32d4ffffffff$_97e1ab832c3899ea317a1a1957864152
2019-03-07 18:05:51,531   GET     200      24 ms  /3/Frames/Key_Frame__upload_984e8b0cdd8f9f1dbc73dc2e6aa4263.hex
2019-03-07 18:05:51,840   POST    200       6 ms  /4/sessions
2019-03-07 18:05:51,932   POST    200      88 ms  /99/Rapids
2019-03-07 18:05:52,254   POST    200     287 ms  /99/Rapids
2019-03-07 18:05:52,264   POST    200       1 ms  /99/Rapids
2019-03-07 18:05:52,272   POST    200       4 ms  /99/Rapids
2019-03-07 18:05:52,922   POST    200     618 ms  /99/Rapids
2019-03-07 18:05:53,192   POST    200     246 ms  /99/Rapids
2019-03-07 18:05:53,447   POST    200     251 ms  /3/ModelBuilders/gbm
2019-03-07 18:05:53,454   GET     200       1 ms  /3/Jobs/$0301c0a802fd32d4ffffffff$_b3cca12d47ac487efc32e94c4cd8450c
2019-03-07 18:05:53,664   GET     200       0 ms  /3/Jobs/$0301c0a802fd32d4ffffffff$_b3cca12d47ac487efc32e94c4cd8450c
2019-03-07 18:05:53,870   GET     200       1 ms  /3/Jobs/$0301c0a802fd32d4ffffffff$_b3cca12d47ac487efc32e94c4cd8450c
2019-03-07 18:05:54,086   GET     200       0 ms  /3/Jobs/$0301c0a802fd32d4ffffffff$_b3cca12d47ac487efc32e94c4cd8450c
2019-03-07 18:05:54,297   GET     200       0 ms  /3/Jobs/$0301c0a802fd32d4ffffffff$_b3cca12d47ac487efc32e94c4cd8450c
2019-03-07 18:05:54,506   GET     200       0 ms  /3/Jobs/$0301c0a802fd32d4ffffffff$_b3cca12d47ac487efc32e94c4cd8450c
2019-03-07 18:05:54,726   GET     200       0 ms  /3/Jobs/$0301c0a802fd32d4ffffffff$_b3cca12d47ac487efc32e94c4cd8450c
2019-03-07 18:05:54,990   GET     200       0 ms  /3/Jobs/$0301c0a802fd32d4ffffffff$_b3cca12d47ac487efc32e94c4cd8450c
2019-03-07 18:05:55,304   GET     200       1 ms  /3/Jobs/$0301c0a802fd32d4ffffffff$_b3cca12d47ac487efc32e94c4cd8450c
2019-03-07 18:05:55,690   GET     200       0 ms  /3/Jobs/$0301c0a802fd32d4ffffffff$_b3cca12d47ac487efc32e94c4cd8450c
2019-03-07 18:05:56,143   GET     200       1 ms  /3/Jobs/$0301c0a802fd32d4ffffffff$_b3cca12d47ac487efc32e94c4cd8450c
2019-03-07 18:05:56,691   GET     200       1 ms  /3/Jobs/$0301c0a802fd32d4ffffffff$_b3cca12d47ac487efc32e94c4cd8450c
2019-03-07 18:05:57,349   GET     200       1 ms  /3/Jobs/$0301c0a802fd32d4ffffffff$_b3cca12d47ac487efc32e94c4cd8450c
2019-03-07 18:05:58,135   GET     200       1 ms  /3/Jobs/$0301c0a802fd32d4ffffffff$_b3cca12d47ac487efc32e94c4cd8450c
2019-03-07 18:05:59,083   GET     200       1 ms  /3/Jobs/$0301c0a802fd32d4ffffffff$_b3cca12d47ac487efc32e94c4cd8450c
2019-03-07 18:06:00,218   GET     200       0 ms  /3/Jobs/$0301c0a802fd32d4ffffffff$_b3cca12d47ac487efc32e94c4cd8450c
2019-03-07 18:06:01,528   GET     200       0 ms  /3/Jobs/$0301c0a802fd32d4ffffffff$_b3cca12d47ac487efc32e94c4cd8450c
2019-03-07 18:06:02,746   GET     200       0 ms  /3/Jobs/$0301c0a802fd32d4ffffffff$_b3cca12d47ac487efc32e94c4cd8450c
2019-03-07 18:06:03,945   GET     200       0 ms  /3/Jobs/$0301c0a802fd32d4ffffffff$_b3cca12d47ac487efc32e94c4cd8450c
2019-03-07 18:06:05,038   GET     200       0 ms  /3/Jobs/$0301c0a802fd32d4ffffffff$_b3cca12d47ac487efc32e94c4cd8450c
2019-03-07 18:06:06,035   GET     200       1 ms  /3/Jobs/$0301c0a802fd32d4ffffffff$_b3cca12d47ac487efc32e94c4cd8450c
2019-03-07 18:06:06,918   GET     200       0 ms  /3/Jobs/$0301c0a802fd32d4ffffffff$_b3cca12d47ac487efc32e94c4cd8450c
2019-03-07 18:06:07,629   GET     200       1 ms  /3/Jobs/$0301c0a802fd32d4ffffffff$_b3cca12d47ac487efc32e94c4cd8450c
2019-03-07 18:06:08,275   GET     200       0 ms  /3/Jobs/$0301c0a802fd32d4ffffffff$_b3cca12d47ac487efc32e94c4cd8450c
2019-03-07 18:06:08,375   GET     200      97 ms  /3/Models/GBM_model_python_1551999886257_1
2019-03-07 18:06:08,436   POST    200      31 ms  /99/Rapids
2019-03-07 18:06:11,843   POST    200    3403 ms  /3/ModelMetrics/models/GBM_model_python_1551999886257_1/frames/py_5_sid_b110
2019-03-07 18:06:11,857   POST    200       2 ms  /4/Predictions/models/GBM_model_python_1551999886257_1/frames/py_5_sid_b110
2019-03-07 18:06:11,891   GET     200       1 ms  /3/Jobs/$0301c0a802fd32d4ffffffff$_9eb724cf7f56fba87a102c1a15e442e1
2019-03-07 18:06:12,095   GET     200       1 ms  /3/Jobs/$0301c0a802fd32d4ffffffff$_9eb724cf7f56fba87a102c1a15e442e1
2019-03-07 18:06:12,299   GET     200       0 ms  /3/Jobs/$0301c0a802fd32d4ffffffff$_9eb724cf7f56fba87a102c1a15e442e1
2019-03-07 18:06:12,504   GET     200       1 ms  /3/Jobs/$0301c0a802fd32d4ffffffff$_9eb724cf7f56fba87a102c1a15e442e1
2019-03-07 18:06:12,710   GET     200       0 ms  /3/Jobs/$0301c0a802fd32d4ffffffff$_9eb724cf7f56fba87a102c1a15e442e1
2019-03-07 18:06:12,915   GET     200       1 ms  /3/Jobs/$0301c0a802fd32d4ffffffff$_9eb724cf7f56fba87a102c1a15e442e1
2019-03-07 18:06:13,124   GET     200       1 ms  /3/Jobs/$0301c0a802fd32d4ffffffff$_9eb724cf7f56fba87a102c1a15e442e1
2019-03-07 18:06:13,374   GET     200       0 ms  /3/Jobs/$0301c0a802fd32d4ffffffff$_9eb724cf7f56fba87a102c1a15e442e1
2019-03-07 18:06:13,675   GET     200       0 ms  /3/Jobs/$0301c0a802fd32d4ffffffff$_9eb724cf7f56fba87a102c1a15e442e1
2019-03-07 18:06:14,037   GET     200       1 ms  /3/Jobs/$0301c0a802fd32d4ffffffff$_9eb724cf7f56fba87a102c1a15e442e1
2019-03-07 18:06:14,470   GET     200       0 ms  /3/Jobs/$0301c0a802fd32d4ffffffff$_9eb724cf7f56fba87a102c1a15e442e1
2019-03-07 18:06:14,990   GET     200       0 ms  /3/Jobs/$0301c0a802fd32d4ffffffff$_9eb724cf7f56fba87a102c1a15e442e1
2019-03-07 18:06:15,618   GET     200       2 ms  /3/Jobs/$0301c0a802fd32d4ffffffff$_9eb724cf7f56fba87a102c1a15e442e1
2019-03-07 18:06:15,663   GET     200      35 ms  /3/Frames/predictions_a858_GBM_model_python_1551999886257_1_on_py_5_sid_b110
2019-03-07 18:06:16,878   GET     200    1204 ms  /3/DownloadDataset
2019-03-07 18:06:26,281   GET     200    8253 ms  /3/DownloadDataset
2019-03-07 18:06:35,388   GET     301       0 ms  /
2019-03-07 18:06:35,393   GET     200       2 ms  /flow/index.html
2019-03-07 18:06:35,401   POST    200       3 ms  /3/Shutdown
2019-03-07 18:06:35,419   DELETE  200      15 ms  /4/sessions/_sid_b110
