2019-03-09 12:36:17,732   GET     200     257 ms  /3/Cloud
2019-03-09 12:36:17,829   GET     200      48 ms  /3/Capabilities/API
2019-03-09 12:36:41,843   POST    999    1361 ms  /3/PostFile
2019-03-09 12:36:42,323   POST    200     460 ms  /3/ParseSetup
2019-03-09 12:36:42,424   POST    200      96 ms  /3/Parse
2019-03-09 12:36:42,438   GET     200       5 ms  /3/Jobs/$0301c0a802fe32d4ffffffff$_a9ef5a2ea9f507df1229b9090b4b4437
2019-03-09 12:36:42,646   GET     200       1 ms  /3/Jobs/$0301c0a802fe32d4ffffffff$_a9ef5a2ea9f507df1229b9090b4b4437
2019-03-09 12:36:42,854   GET     200       3 ms  /3/Jobs/$0301c0a802fe32d4ffffffff$_a9ef5a2ea9f507df1229b9090b4b4437
2019-03-09 12:36:43,065   GET     200       4 ms  /3/Jobs/$0301c0a802fe32d4ffffffff$_a9ef5a2ea9f507df1229b9090b4b4437
2019-03-09 12:36:43,276   GET     200       0 ms  /3/Jobs/$0301c0a802fe32d4ffffffff$_a9ef5a2ea9f507df1229b9090b4b4437
2019-03-09 12:36:43,485   GET     200       1 ms  /3/Jobs/$0301c0a802fe32d4ffffffff$_a9ef5a2ea9f507df1229b9090b4b4437
2019-03-09 12:36:43,705   GET     200       1 ms  /3/Jobs/$0301c0a802fe32d4ffffffff$_a9ef5a2ea9f507df1229b9090b4b4437
2019-03-09 12:36:43,969   GET     200       1 ms  /3/Jobs/$0301c0a802fe32d4ffffffff$_a9ef5a2ea9f507df1229b9090b4b4437
2019-03-09 12:36:44,285   GET     200       1 ms  /3/Jobs/$0301c0a802fe32d4ffffffff$_a9ef5a2ea9f507df1229b9090b4b4437
2019-03-09 12:36:44,662   GET     200       1 ms  /3/Jobs/$0301c0a802fe32d4ffffffff$_a9ef5a2ea9f507df1229b9090b4b4437
2019-03-09 12:36:45,117   GET     200       1 ms  /3/Jobs/$0301c0a802fe32d4ffffffff$_a9ef5a2ea9f507df1229b9090b4b4437
2019-03-09 12:36:45,664   GET     200       1 ms  /3/Jobs/$0301c0a802fe32d4ffffffff$_a9ef5a2ea9f507df1229b9090b4b4437
2019-03-09 12:36:46,322   GET     200       2 ms  /3/Jobs/$0301c0a802fe32d4ffffffff$_a9ef5a2ea9f507df1229b9090b4b4437
2019-03-09 12:36:46,472   GET     200     138 ms  /3/Frames/Key_Frame__upload_bf96427e09002083d7b70bceae3646b9.hex
2019-03-09 12:37:08,824   POST    999     994 ms  /3/PostFile
2019-03-09 12:37:09,094   POST    200     247 ms  /3/ParseSetup
2019-03-09 12:37:09,103   POST    200       2 ms  /3/Parse
2019-03-09 12:37:09,115   GET     200       0 ms  /3/Jobs/$0301c0a802fe32d4ffffffff$_82e486883e3efb1dbc64727bb549431e
2019-03-09 12:37:09,321   GET     200       0 ms  /3/Jobs/$0301c0a802fe32d4ffffffff$_82e486883e3efb1dbc64727bb549431e
2019-03-09 12:37:09,541   GET     200       1 ms  /3/Jobs/$0301c0a802fe32d4ffffffff$_82e486883e3efb1dbc64727bb549431e
2019-03-09 12:37:09,750   GET     200       1 ms  /3/Jobs/$0301c0a802fe32d4ffffffff$_82e486883e3efb1dbc64727bb549431e
2019-03-09 12:37:09,957   GET     200       0 ms  /3/Jobs/$0301c0a802fe32d4ffffffff$_82e486883e3efb1dbc64727bb549431e
2019-03-09 12:37:10,166   GET     200       1 ms  /3/Jobs/$0301c0a802fe32d4ffffffff$_82e486883e3efb1dbc64727bb549431e
2019-03-09 12:37:10,384   GET     200       1 ms  /3/Jobs/$0301c0a802fe32d4ffffffff$_82e486883e3efb1dbc64727bb549431e
2019-03-09 12:37:10,645   GET     200       1 ms  /3/Jobs/$0301c0a802fe32d4ffffffff$_82e486883e3efb1dbc64727bb549431e
2019-03-09 12:37:10,959   GET     200       1 ms  /3/Jobs/$0301c0a802fe32d4ffffffff$_82e486883e3efb1dbc64727bb549431e
2019-03-09 12:37:11,343   GET     200       1 ms  /3/Jobs/$0301c0a802fe32d4ffffffff$_82e486883e3efb1dbc64727bb549431e
2019-03-09 12:37:11,794   GET     200       1 ms  /3/Jobs/$0301c0a802fe32d4ffffffff$_82e486883e3efb1dbc64727bb549431e
2019-03-09 12:37:12,337   GET     200       1 ms  /3/Jobs/$0301c0a802fe32d4ffffffff$_82e486883e3efb1dbc64727bb549431e
2019-03-09 12:37:12,993   GET     200       1 ms  /3/Jobs/$0301c0a802fe32d4ffffffff$_82e486883e3efb1dbc64727bb549431e
2019-03-09 12:37:13,844   GET     200       2 ms  /3/Jobs/$0301c0a802fe32d4ffffffff$_82e486883e3efb1dbc64727bb549431e
2019-03-09 12:37:14,449   GET     200       1 ms  /3/Jobs/$0301c0a802fe32d4ffffffff$_82e486883e3efb1dbc64727bb549431e
2019-03-09 12:37:14,467   GET     200      14 ms  /3/Frames/Key_Frame__upload_9c85017ba1c70709d60df7a55944fe5.hex
2019-03-09 12:37:14,700   POST    200       6 ms  /4/sessions
2019-03-09 12:37:14,791   POST    200      89 ms  /99/Rapids
2019-03-09 12:37:15,205   POST    200     390 ms  /99/Rapids
2019-03-09 12:37:15,213   POST    200       1 ms  /99/Rapids
2019-03-09 12:37:15,218   POST    200       3 ms  /99/Rapids
2019-03-09 12:37:15,687   POST    200     446 ms  /99/Rapids
2019-03-09 12:37:15,860   POST    200     170 ms  /3/ModelBuilders/pca
2019-03-09 12:37:15,866   GET     200       2 ms  /3/Jobs/$0301c0a802fe32d4ffffffff$_aec1b2c79b4962e6cda0dad07a044aa8
2019-03-09 12:37:16,070   GET     200       1 ms  /3/Jobs/$0301c0a802fe32d4ffffffff$_aec1b2c79b4962e6cda0dad07a044aa8
2019-03-09 12:37:16,274   GET     200       1 ms  /3/Jobs/$0301c0a802fe32d4ffffffff$_aec1b2c79b4962e6cda0dad07a044aa8
2019-03-09 12:37:16,480   GET     200       1 ms  /3/Jobs/$0301c0a802fe32d4ffffffff$_aec1b2c79b4962e6cda0dad07a044aa8
2019-03-09 12:37:16,685   GET     200       1 ms  /3/Jobs/$0301c0a802fe32d4ffffffff$_aec1b2c79b4962e6cda0dad07a044aa8
2019-03-09 12:37:16,891   GET     200       1 ms  /3/Jobs/$0301c0a802fe32d4ffffffff$_aec1b2c79b4962e6cda0dad07a044aa8
2019-03-09 12:37:17,100   GET     200       1 ms  /3/Jobs/$0301c0a802fe32d4ffffffff$_aec1b2c79b4962e6cda0dad07a044aa8
2019-03-09 12:37:17,351   GET     200       0 ms  /3/Jobs/$0301c0a802fe32d4ffffffff$_aec1b2c79b4962e6cda0dad07a044aa8
2019-03-09 12:37:17,652   GET     200       0 ms  /3/Jobs/$0301c0a802fe32d4ffffffff$_aec1b2c79b4962e6cda0dad07a044aa8
2019-03-09 12:37:18,014   GET     200       1 ms  /3/Jobs/$0301c0a802fe32d4ffffffff$_aec1b2c79b4962e6cda0dad07a044aa8
2019-03-09 12:37:18,447   GET     200       1 ms  /3/Jobs/$0301c0a802fe32d4ffffffff$_aec1b2c79b4962e6cda0dad07a044aa8
2019-03-09 12:37:18,968   GET     200       1 ms  /3/Jobs/$0301c0a802fe32d4ffffffff$_aec1b2c79b4962e6cda0dad07a044aa8
2019-03-09 12:37:19,572   GET     200       1 ms  /3/Jobs/$0301c0a802fe32d4ffffffff$_aec1b2c79b4962e6cda0dad07a044aa8
2019-03-09 12:37:20,180   GET     200       1 ms  /3/Jobs/$0301c0a802fe32d4ffffffff$_aec1b2c79b4962e6cda0dad07a044aa8
2019-03-09 12:37:20,268   GET     200      84 ms  /3/Models/PCA_model_python_1552152967202_1
2019-03-09 12:37:20,339   POST    200      35 ms  /99/Rapids
2019-03-09 12:37:20,344   POST    200       2 ms  /4/Predictions/models/PCA_model_python_1552152967202_1/frames/py_4_sid_93b5
2019-03-09 12:37:20,356   GET     200       0 ms  /3/Jobs/$0301c0a802fe32d4ffffffff$_888368d8c921ee1e8134018f12314ad8
2019-03-09 12:37:20,573   GET     200       0 ms  /3/Jobs/$0301c0a802fe32d4ffffffff$_888368d8c921ee1e8134018f12314ad8
2019-03-09 12:37:20,788   GET     200       1 ms  /3/Jobs/$0301c0a802fe32d4ffffffff$_888368d8c921ee1e8134018f12314ad8
2019-03-09 12:37:20,843   GET     200      53 ms  /3/Frames/predictions_ba9b_PCA_model_python_1552152967202_1_on_py_4_sid_93b5
2019-03-09 12:37:20,848   GET     301       0 ms  /
2019-03-09 12:37:20,853   GET     200       3 ms  /flow/index.html
2019-03-09 12:37:20,861   POST    200       4 ms  /3/Shutdown
2019-03-09 12:37:20,903   DELETE  200      36 ms  /4/sessions/_sid_93b5
