2019-03-07 17:55:23,283   GET     200     101 ms  /3/Cloud
2019-03-07 17:55:23,302   GET     200      12 ms  /3/Capabilities/API
2019-03-07 17:55:46,507   POST    999    1293 ms  /3/PostFile
2019-03-07 17:55:47,411   POST    200     886 ms  /3/ParseSetup
2019-03-07 17:55:47,477   POST    200      61 ms  /3/Parse
2019-03-07 17:55:47,485   GET     200       4 ms  /3/Jobs/$0301c0a802fd32d4ffffffff$_bfb7abc01b1b9f757885982e9e4d4ad2
2019-03-07 17:55:47,691   GET     200       2 ms  /3/Jobs/$0301c0a802fd32d4ffffffff$_bfb7abc01b1b9f757885982e9e4d4ad2
2019-03-07 17:55:47,912   GET     200       1 ms  /3/Jobs/$0301c0a802fd32d4ffffffff$_bfb7abc01b1b9f757885982e9e4d4ad2
2019-03-07 17:55:48,119   GET     200       1 ms  /3/Jobs/$0301c0a802fd32d4ffffffff$_bfb7abc01b1b9f757885982e9e4d4ad2
2019-03-07 17:55:48,330   GET     200       1 ms  /3/Jobs/$0301c0a802fd32d4ffffffff$_bfb7abc01b1b9f757885982e9e4d4ad2
2019-03-07 17:55:48,542   GET     200       0 ms  /3/Jobs/$0301c0a802fd32d4ffffffff$_bfb7abc01b1b9f757885982e9e4d4ad2
2019-03-07 17:55:48,760   GET     200       2 ms  /3/Jobs/$0301c0a802fd32d4ffffffff$_bfb7abc01b1b9f757885982e9e4d4ad2
2019-03-07 17:55:49,027   GET     200       5 ms  /3/Jobs/$0301c0a802fd32d4ffffffff$_bfb7abc01b1b9f757885982e9e4d4ad2
2019-03-07 17:55:49,342   GET     200       0 ms  /3/Jobs/$0301c0a802fd32d4ffffffff$_bfb7abc01b1b9f757885982e9e4d4ad2
2019-03-07 17:55:49,725   GET     200       1 ms  /3/Jobs/$0301c0a802fd32d4ffffffff$_bfb7abc01b1b9f757885982e9e4d4ad2
2019-03-07 17:55:50,194   GET     200       1 ms  /3/Jobs/$0301c0a802fd32d4ffffffff$_bfb7abc01b1b9f757885982e9e4d4ad2
2019-03-07 17:55:50,748   GET     200       1 ms  /3/Jobs/$0301c0a802fd32d4ffffffff$_bfb7abc01b1b9f757885982e9e4d4ad2
2019-03-07 17:55:51,410   GET     200       0 ms  /3/Jobs/$0301c0a802fd32d4ffffffff$_bfb7abc01b1b9f757885982e9e4d4ad2
2019-03-07 17:55:52,020   GET     200       2 ms  /3/Jobs/$0301c0a802fd32d4ffffffff$_bfb7abc01b1b9f757885982e9e4d4ad2
2019-03-07 17:55:52,183   GET     200     148 ms  /3/Frames/Key_Frame__upload_8be93b019cee2d44ea9d0e5d9f874d4c.hex
2019-03-07 17:56:13,954   POST    999     759 ms  /3/PostFile
2019-03-07 17:56:14,629   POST    200     662 ms  /3/ParseSetup
2019-03-07 17:56:14,634   POST    200       2 ms  /3/Parse
2019-03-07 17:56:14,641   GET     200       0 ms  /3/Jobs/$0301c0a802fd32d4ffffffff$_9b66e04d66cce55e12e9118d2884b2e
2019-03-07 17:56:14,856   GET     200       2 ms  /3/Jobs/$0301c0a802fd32d4ffffffff$_9b66e04d66cce55e12e9118d2884b2e
2019-03-07 17:56:15,066   GET     200       0 ms  /3/Jobs/$0301c0a802fd32d4ffffffff$_9b66e04d66cce55e12e9118d2884b2e
2019-03-07 17:56:15,274   GET     200       0 ms  /3/Jobs/$0301c0a802fd32d4ffffffff$_9b66e04d66cce55e12e9118d2884b2e
2019-03-07 17:56:15,485   GET     200       0 ms  /3/Jobs/$0301c0a802fd32d4ffffffff$_9b66e04d66cce55e12e9118d2884b2e
2019-03-07 17:56:15,694   GET     200       0 ms  /3/Jobs/$0301c0a802fd32d4ffffffff$_9b66e04d66cce55e12e9118d2884b2e
2019-03-07 17:56:15,914   GET     200       0 ms  /3/Jobs/$0301c0a802fd32d4ffffffff$_9b66e04d66cce55e12e9118d2884b2e
2019-03-07 17:56:16,186   GET     200       0 ms  /3/Jobs/$0301c0a802fd32d4ffffffff$_9b66e04d66cce55e12e9118d2884b2e
2019-03-07 17:56:16,504   GET     200       0 ms  /3/Jobs/$0301c0a802fd32d4ffffffff$_9b66e04d66cce55e12e9118d2884b2e
2019-03-07 17:56:16,881   GET     200       1 ms  /3/Jobs/$0301c0a802fd32d4ffffffff$_9b66e04d66cce55e12e9118d2884b2e
2019-03-07 17:56:17,350   GET     200       0 ms  /3/Jobs/$0301c0a802fd32d4ffffffff$_9b66e04d66cce55e12e9118d2884b2e
2019-03-07 17:56:17,918   GET     200       0 ms  /3/Jobs/$0301c0a802fd32d4ffffffff$_9b66e04d66cce55e12e9118d2884b2e
2019-03-07 17:56:18,579   GET     200       1 ms  /3/Jobs/$0301c0a802fd32d4ffffffff$_9b66e04d66cce55e12e9118d2884b2e
2019-03-07 17:56:18,595   GET     200      13 ms  /3/Frames/Key_Frame__upload_bcb63d38cfc674116335ce4cdd284169.hex
2019-03-07 17:56:18,836   POST    200       8 ms  /4/sessions
2019-03-07 17:56:18,949   POST    200     110 ms  /99/Rapids
2019-03-07 17:56:19,269   POST    200     298 ms  /99/Rapids
2019-03-07 17:56:19,278   POST    200       1 ms  /99/Rapids
2019-03-07 17:56:19,284   POST    200       3 ms  /99/Rapids
2019-03-07 17:56:19,802   POST    200     490 ms  /99/Rapids
2019-03-07 17:56:20,186   POST    200     359 ms  /99/Rapids
2019-03-07 17:56:20,361   POST    200     171 ms  /3/ModelBuilders/glm
2019-03-07 17:56:20,370   GET     200       1 ms  /3/Jobs/$0301c0a802fd32d4ffffffff$_aaefe673929a9419c380be208c06491b
2019-03-07 17:56:20,576   GET     200       1 ms  /3/Jobs/$0301c0a802fd32d4ffffffff$_aaefe673929a9419c380be208c06491b
2019-03-07 17:56:20,786   GET     200       0 ms  /3/Jobs/$0301c0a802fd32d4ffffffff$_aaefe673929a9419c380be208c06491b
2019-03-07 17:56:20,997   GET     200       0 ms  /3/Jobs/$0301c0a802fd32d4ffffffff$_aaefe673929a9419c380be208c06491b
2019-03-07 17:56:21,206   GET     200       0 ms  /3/Jobs/$0301c0a802fd32d4ffffffff$_aaefe673929a9419c380be208c06491b
2019-03-07 17:56:21,417   GET     200       1 ms  /3/Jobs/$0301c0a802fd32d4ffffffff$_aaefe673929a9419c380be208c06491b
2019-03-07 17:56:21,634   GET     200       0 ms  /3/Jobs/$0301c0a802fd32d4ffffffff$_aaefe673929a9419c380be208c06491b
2019-03-07 17:56:21,898   GET     200       1 ms  /3/Jobs/$0301c0a802fd32d4ffffffff$_aaefe673929a9419c380be208c06491b
2019-03-07 17:56:22,214   GET     200       0 ms  /3/Jobs/$0301c0a802fd32d4ffffffff$_aaefe673929a9419c380be208c06491b
2019-03-07 17:56:22,594   GET     200       1 ms  /3/Jobs/$0301c0a802fd32d4ffffffff$_aaefe673929a9419c380be208c06491b
2019-03-07 17:56:23,068   GET     200      22 ms  /3/Jobs/$0301c0a802fd32d4ffffffff$_aaefe673929a9419c380be208c06491b
2019-03-07 17:56:23,611   GET     200       0 ms  /3/Jobs/$0301c0a802fd32d4ffffffff$_aaefe673929a9419c380be208c06491b
2019-03-07 17:56:23,740   GET     200     126 ms  /3/Models/GLM_model_python_1551999313473_1
2019-03-07 17:56:23,765   GET     301       1 ms  /
2019-03-07 17:56:23,773   GET     200       5 ms  /flow/index.html
2019-03-07 17:56:23,780   POST    200       3 ms  /3/Shutdown
2019-03-07 17:56:23,808   DELETE  200      22 ms  /4/sessions/_sid_9671
