2019-03-07 17:48:17,411   GET     200     102 ms  /3/Cloud
2019-03-07 17:48:17,436   GET     200      18 ms  /3/Capabilities/API
2019-03-07 17:48:41,075   POST    999    1198 ms  /3/PostFile
2019-03-07 17:48:41,569   POST    200     475 ms  /3/ParseSetup
2019-03-07 17:48:41,638   POST    200      64 ms  /3/Parse
2019-03-07 17:48:41,648   GET     200       5 ms  /3/Jobs/$0301c0a802fd32d4ffffffff$_810c1193329bfe1f8bc9ece9b4114327
2019-03-07 17:48:41,859   GET     200       1 ms  /3/Jobs/$0301c0a802fd32d4ffffffff$_810c1193329bfe1f8bc9ece9b4114327
2019-03-07 17:48:42,082   GET     200       1 ms  /3/Jobs/$0301c0a802fd32d4ffffffff$_810c1193329bfe1f8bc9ece9b4114327
2019-03-07 17:48:42,297   GET     200       1 ms  /3/Jobs/$0301c0a802fd32d4ffffffff$_810c1193329bfe1f8bc9ece9b4114327
2019-03-07 17:48:42,511   GET     200       0 ms  /3/Jobs/$0301c0a802fd32d4ffffffff$_810c1193329bfe1f8bc9ece9b4114327
2019-03-07 17:48:42,720   GET     200       1 ms  /3/Jobs/$0301c0a802fd32d4ffffffff$_810c1193329bfe1f8bc9ece9b4114327
2019-03-07 17:48:42,945   GET     200       1 ms  /3/Jobs/$0301c0a802fd32d4ffffffff$_810c1193329bfe1f8bc9ece9b4114327
2019-03-07 17:48:43,221   GET     200       1 ms  /3/Jobs/$0301c0a802fd32d4ffffffff$_810c1193329bfe1f8bc9ece9b4114327
2019-03-07 17:48:43,542   GET     200       1 ms  /3/Jobs/$0301c0a802fd32d4ffffffff$_810c1193329bfe1f8bc9ece9b4114327
2019-03-07 17:48:44,101   GET     200       2 ms  /3/Jobs/$0301c0a802fd32d4ffffffff$_810c1193329bfe1f8bc9ece9b4114327
2019-03-07 17:48:44,597   GET     200       0 ms  /3/Jobs/$0301c0a802fd32d4ffffffff$_810c1193329bfe1f8bc9ece9b4114327
2019-03-07 17:48:45,205   GET     200       1 ms  /3/Jobs/$0301c0a802fd32d4ffffffff$_810c1193329bfe1f8bc9ece9b4114327
2019-03-07 17:48:45,926   GET     200       1 ms  /3/Jobs/$0301c0a802fd32d4ffffffff$_810c1193329bfe1f8bc9ece9b4114327
2019-03-07 17:48:46,802   GET     200       1 ms  /3/Jobs/$0301c0a802fd32d4ffffffff$_810c1193329bfe1f8bc9ece9b4114327
2019-03-07 17:48:47,408   GET     200       1 ms  /3/Jobs/$0301c0a802fd32d4ffffffff$_810c1193329bfe1f8bc9ece9b4114327
2019-03-07 17:48:47,487   GET     200      76 ms  /3/Frames/Key_Frame__upload_948e1fa6e588fb6e2e013ac5e24d4125.hex
2019-03-07 17:49:09,406   POST    999     766 ms  /3/PostFile
2019-03-07 17:49:09,727   POST    200     301 ms  /3/ParseSetup
2019-03-07 17:49:09,732   POST    200       2 ms  /3/Parse
2019-03-07 17:49:09,742   GET     200       1 ms  /3/Jobs/$0301c0a802fd32d4ffffffff$_84d191325820ad3dff493c10b1bf4b08
2019-03-07 17:49:10,129   GET     200       2 ms  /3/Jobs/$0301c0a802fd32d4ffffffff$_84d191325820ad3dff493c10b1bf4b08
2019-03-07 17:49:10,352   GET     200       0 ms  /3/Jobs/$0301c0a802fd32d4ffffffff$_84d191325820ad3dff493c10b1bf4b08
2019-03-07 17:49:10,558   GET     200       0 ms  /3/Jobs/$0301c0a802fd32d4ffffffff$_84d191325820ad3dff493c10b1bf4b08
2019-03-07 17:49:10,770   GET     200       0 ms  /3/Jobs/$0301c0a802fd32d4ffffffff$_84d191325820ad3dff493c10b1bf4b08
2019-03-07 17:49:10,984   GET     200       3 ms  /3/Jobs/$0301c0a802fd32d4ffffffff$_84d191325820ad3dff493c10b1bf4b08
2019-03-07 17:49:11,242   GET     200       0 ms  /3/Jobs/$0301c0a802fd32d4ffffffff$_84d191325820ad3dff493c10b1bf4b08
2019-03-07 17:49:11,558   GET     200       0 ms  /3/Jobs/$0301c0a802fd32d4ffffffff$_84d191325820ad3dff493c10b1bf4b08
2019-03-07 17:49:11,931   GET     200       1 ms  /3/Jobs/$0301c0a802fd32d4ffffffff$_84d191325820ad3dff493c10b1bf4b08
2019-03-07 17:49:12,381   GET     200       1 ms  /3/Jobs/$0301c0a802fd32d4ffffffff$_84d191325820ad3dff493c10b1bf4b08
2019-03-07 17:49:12,915   GET     200       0 ms  /3/Jobs/$0301c0a802fd32d4ffffffff$_84d191325820ad3dff493c10b1bf4b08
2019-03-07 17:49:13,562   GET     200       1 ms  /3/Jobs/$0301c0a802fd32d4ffffffff$_84d191325820ad3dff493c10b1bf4b08
2019-03-07 17:49:14,166   GET     200       0 ms  /3/Jobs/$0301c0a802fd32d4ffffffff$_84d191325820ad3dff493c10b1bf4b08
2019-03-07 17:49:14,177   GET     200       8 ms  /3/Frames/Key_Frame__upload_a624a950f18ee56bce7d4c32b56a484f.hex
2019-03-07 17:49:14,435   POST    200       7 ms  /4/sessions
2019-03-07 17:49:14,606   POST    200     168 ms  /99/Rapids
2019-03-07 17:49:15,059   POST    200     425 ms  /99/Rapids
2019-03-07 17:49:15,069   POST    200       0 ms  /99/Rapids
2019-03-07 17:49:15,076   POST    200       4 ms  /99/Rapids
2019-03-07 17:49:15,594   POST    200     486 ms  /99/Rapids
2019-03-07 17:49:16,056   POST    200     432 ms  /99/Rapids
2019-03-07 17:49:16,247   POST    200     181 ms  /3/ModelBuilders/kmeans
2019-03-07 17:49:16,255   GET     200       1 ms  /3/Jobs/$0301c0a802fd32d4ffffffff$_a4bc0fd062fb6226d0770c1663214391
2019-03-07 17:49:16,462   GET     200       0 ms  /3/Jobs/$0301c0a802fd32d4ffffffff$_a4bc0fd062fb6226d0770c1663214391
2019-03-07 17:49:16,673   GET     200       1 ms  /3/Jobs/$0301c0a802fd32d4ffffffff$_a4bc0fd062fb6226d0770c1663214391
2019-03-07 17:49:16,882   GET     200       1 ms  /3/Jobs/$0301c0a802fd32d4ffffffff$_a4bc0fd062fb6226d0770c1663214391
2019-03-07 17:49:17,090   GET     200       1 ms  /3/Jobs/$0301c0a802fd32d4ffffffff$_a4bc0fd062fb6226d0770c1663214391
2019-03-07 17:49:17,301   GET     200       1 ms  /3/Jobs/$0301c0a802fd32d4ffffffff$_a4bc0fd062fb6226d0770c1663214391
2019-03-07 17:49:17,519   GET     200       1 ms  /3/Jobs/$0301c0a802fd32d4ffffffff$_a4bc0fd062fb6226d0770c1663214391
2019-03-07 17:49:17,782   GET     200       1 ms  /3/Jobs/$0301c0a802fd32d4ffffffff$_a4bc0fd062fb6226d0770c1663214391
2019-03-07 17:49:18,102   GET     200       0 ms  /3/Jobs/$0301c0a802fd32d4ffffffff$_a4bc0fd062fb6226d0770c1663214391
2019-03-07 17:49:18,482   GET     200       0 ms  /3/Jobs/$0301c0a802fd32d4ffffffff$_a4bc0fd062fb6226d0770c1663214391
2019-03-07 17:49:18,934   GET     200       0 ms  /3/Jobs/$0301c0a802fd32d4ffffffff$_a4bc0fd062fb6226d0770c1663214391
2019-03-07 17:49:19,477   GET     200       1 ms  /3/Jobs/$0301c0a802fd32d4ffffffff$_a4bc0fd062fb6226d0770c1663214391
2019-03-07 17:49:20,141   GET     200       1 ms  /3/Jobs/$0301c0a802fd32d4ffffffff$_a4bc0fd062fb6226d0770c1663214391
2019-03-07 17:49:20,926   GET     200       1 ms  /3/Jobs/$0301c0a802fd32d4ffffffff$_a4bc0fd062fb6226d0770c1663214391
2019-03-07 17:49:21,866   GET     200       1 ms  /3/Jobs/$0301c0a802fd32d4ffffffff$_a4bc0fd062fb6226d0770c1663214391
2019-03-07 17:49:22,997   GET     200       1 ms  /3/Jobs/$0301c0a802fd32d4ffffffff$_a4bc0fd062fb6226d0770c1663214391
2019-03-07 17:49:23,054   GET     200      50 ms  /3/Models/KMeans_model_python_1551998887000_1
2019-03-07 17:49:23,104   POST    200      29 ms  /99/Rapids
2019-03-07 17:49:23,109   POST    200       1 ms  /4/Predictions/models/KMeans_model_python_1551998887000_1/frames/py_5_sid_bacc
2019-03-07 17:49:23,122   GET     200       6 ms  /3/Jobs/$0301c0a802fd32d4ffffffff$_b551b70c4be2f8918711d6f1d465418c
2019-03-07 17:49:23,333   GET     200       0 ms  /3/Jobs/$0301c0a802fd32d4ffffffff$_b551b70c4be2f8918711d6f1d465418c
2019-03-07 17:49:23,340   GET     200       4 ms  /3/Frames/predictions_8e48_KMeans_model_python_1551998887000_1_on_py_5_sid_bacc
2019-03-07 17:49:23,637   GET     200     294 ms  /3/DownloadDataset
2019-03-07 17:49:23,775   GET     301       0 ms  /
2019-03-07 17:49:23,785   GET     200       3 ms  /flow/index.html
2019-03-07 17:49:23,791   POST    200       3 ms  /3/Shutdown
2019-03-07 17:49:23,818   DELETE  200      21 ms  /4/sessions/_sid_bacc
