2019-03-07 17:53:22,512   GET     200     104 ms  /3/Cloud
2019-03-07 17:53:22,533   GET     200      15 ms  /3/Capabilities/API
2019-03-07 17:53:46,022   POST    999    1314 ms  /3/PostFile
2019-03-07 17:53:46,510   POST    200     475 ms  /3/ParseSetup
2019-03-07 17:53:46,575   POST    200      59 ms  /3/Parse
2019-03-07 17:53:46,591   GET     200       9 ms  /3/Jobs/$0301c0a802fd32d4ffffffff$_a76cce7f26fc1f1e4ff9d7b9a7ec4bbf
2019-03-07 17:53:46,798   GET     200       2 ms  /3/Jobs/$0301c0a802fd32d4ffffffff$_a76cce7f26fc1f1e4ff9d7b9a7ec4bbf
2019-03-07 17:53:47,007   GET     200       1 ms  /3/Jobs/$0301c0a802fd32d4ffffffff$_a76cce7f26fc1f1e4ff9d7b9a7ec4bbf
2019-03-07 17:53:47,220   GET     200       1 ms  /3/Jobs/$0301c0a802fd32d4ffffffff$_a76cce7f26fc1f1e4ff9d7b9a7ec4bbf
2019-03-07 17:53:47,429   GET     200       1 ms  /3/Jobs/$0301c0a802fd32d4ffffffff$_a76cce7f26fc1f1e4ff9d7b9a7ec4bbf
2019-03-07 17:53:47,635   GET     200       1 ms  /3/Jobs/$0301c0a802fd32d4ffffffff$_a76cce7f26fc1f1e4ff9d7b9a7ec4bbf
2019-03-07 17:53:47,852   GET     200       1 ms  /3/Jobs/$0301c0a802fd32d4ffffffff$_a76cce7f26fc1f1e4ff9d7b9a7ec4bbf
2019-03-07 17:53:48,115   GET     200       1 ms  /3/Jobs/$0301c0a802fd32d4ffffffff$_a76cce7f26fc1f1e4ff9d7b9a7ec4bbf
2019-03-07 17:53:48,426   GET     200       0 ms  /3/Jobs/$0301c0a802fd32d4ffffffff$_a76cce7f26fc1f1e4ff9d7b9a7ec4bbf
2019-03-07 17:53:48,801   GET     200       1 ms  /3/Jobs/$0301c0a802fd32d4ffffffff$_a76cce7f26fc1f1e4ff9d7b9a7ec4bbf
2019-03-07 17:53:49,251   GET     200       1 ms  /3/Jobs/$0301c0a802fd32d4ffffffff$_a76cce7f26fc1f1e4ff9d7b9a7ec4bbf
2019-03-07 17:53:49,791   GET     200       1 ms  /3/Jobs/$0301c0a802fd32d4ffffffff$_a76cce7f26fc1f1e4ff9d7b9a7ec4bbf
2019-03-07 17:53:50,436   GET     200       1 ms  /3/Jobs/$0301c0a802fd32d4ffffffff$_a76cce7f26fc1f1e4ff9d7b9a7ec4bbf
2019-03-07 17:53:50,516   GET     200      75 ms  /3/Frames/Key_Frame__upload_b32b0bd634ff5f41e8854e6626004140.hex
2019-03-07 17:54:12,586   POST    999    1044 ms  /3/PostFile
2019-03-07 17:54:13,010   POST    200     409 ms  /3/ParseSetup
2019-03-07 17:54:13,015   POST    200       2 ms  /3/Parse
2019-03-07 17:54:13,027   GET     200       0 ms  /3/Jobs/$0301c0a802fd32d4ffffffff$_b30d63d93bc0680968b773376f24a32
2019-03-07 17:54:13,232   GET     200       1 ms  /3/Jobs/$0301c0a802fd32d4ffffffff$_b30d63d93bc0680968b773376f24a32
2019-03-07 17:54:13,483   GET     200      41 ms  /3/Jobs/$0301c0a802fd32d4ffffffff$_b30d63d93bc0680968b773376f24a32
2019-03-07 17:54:13,690   GET     200       0 ms  /3/Jobs/$0301c0a802fd32d4ffffffff$_b30d63d93bc0680968b773376f24a32
2019-03-07 17:54:13,898   GET     200       0 ms  /3/Jobs/$0301c0a802fd32d4ffffffff$_b30d63d93bc0680968b773376f24a32
2019-03-07 17:54:14,104   GET     200       1 ms  /3/Jobs/$0301c0a802fd32d4ffffffff$_b30d63d93bc0680968b773376f24a32
2019-03-07 17:54:14,330   GET     200       1 ms  /3/Jobs/$0301c0a802fd32d4ffffffff$_b30d63d93bc0680968b773376f24a32
2019-03-07 17:54:14,598   GET     200       0 ms  /3/Jobs/$0301c0a802fd32d4ffffffff$_b30d63d93bc0680968b773376f24a32
2019-03-07 17:54:14,930   GET     200       0 ms  /3/Jobs/$0301c0a802fd32d4ffffffff$_b30d63d93bc0680968b773376f24a32
2019-03-07 17:54:15,319   GET     200       1 ms  /3/Jobs/$0301c0a802fd32d4ffffffff$_b30d63d93bc0680968b773376f24a32
2019-03-07 17:54:15,840   GET     200       1 ms  /3/Jobs/$0301c0a802fd32d4ffffffff$_b30d63d93bc0680968b773376f24a32
2019-03-07 17:54:16,412   GET     200       1 ms  /3/Jobs/$0301c0a802fd32d4ffffffff$_b30d63d93bc0680968b773376f24a32
2019-03-07 17:54:16,451   GET     200      31 ms  /3/Frames/Key_Frame__upload_a90ef87a89b4bfc35a4215dddf424b7e.hex
2019-03-07 17:54:16,761   POST    200       6 ms  /4/sessions
2019-03-07 17:54:16,849   POST    200      85 ms  /99/Rapids
2019-03-07 17:54:17,169   POST    200     294 ms  /99/Rapids
2019-03-07 17:54:17,177   POST    200       0 ms  /99/Rapids
2019-03-07 17:54:17,183   POST    200       3 ms  /99/Rapids
2019-03-07 17:54:17,713   POST    200     502 ms  /99/Rapids
2019-03-07 17:54:17,996   POST    200     256 ms  /99/Rapids
2019-03-07 17:54:18,163   POST    200     163 ms  /3/ModelBuilders/kmeans
2019-03-07 17:54:18,168   GET     200       0 ms  /3/Jobs/$0301c0a802fd32d4ffffffff$_bb6e63e3f5d06d9363e93cb90f1a41c4
2019-03-07 17:54:18,373   GET     200       0 ms  /3/Jobs/$0301c0a802fd32d4ffffffff$_bb6e63e3f5d06d9363e93cb90f1a41c4
2019-03-07 17:54:18,577   GET     200       1 ms  /3/Jobs/$0301c0a802fd32d4ffffffff$_bb6e63e3f5d06d9363e93cb90f1a41c4
2019-03-07 17:54:18,781   GET     200       0 ms  /3/Jobs/$0301c0a802fd32d4ffffffff$_bb6e63e3f5d06d9363e93cb90f1a41c4
2019-03-07 17:54:18,985   GET     200       0 ms  /3/Jobs/$0301c0a802fd32d4ffffffff$_bb6e63e3f5d06d9363e93cb90f1a41c4
2019-03-07 17:54:19,190   GET     200       0 ms  /3/Jobs/$0301c0a802fd32d4ffffffff$_bb6e63e3f5d06d9363e93cb90f1a41c4
2019-03-07 17:54:19,398   GET     200       1 ms  /3/Jobs/$0301c0a802fd32d4ffffffff$_bb6e63e3f5d06d9363e93cb90f1a41c4
2019-03-07 17:54:19,649   GET     200       1 ms  /3/Jobs/$0301c0a802fd32d4ffffffff$_bb6e63e3f5d06d9363e93cb90f1a41c4
2019-03-07 17:54:19,950   GET     200       1 ms  /3/Jobs/$0301c0a802fd32d4ffffffff$_bb6e63e3f5d06d9363e93cb90f1a41c4
2019-03-07 17:54:20,311   GET     200       1 ms  /3/Jobs/$0301c0a802fd32d4ffffffff$_bb6e63e3f5d06d9363e93cb90f1a41c4
2019-03-07 17:54:20,744   GET     200       1 ms  /3/Jobs/$0301c0a802fd32d4ffffffff$_bb6e63e3f5d06d9363e93cb90f1a41c4
2019-03-07 17:54:21,265   GET     200       1 ms  /3/Jobs/$0301c0a802fd32d4ffffffff$_bb6e63e3f5d06d9363e93cb90f1a41c4
2019-03-07 17:54:21,889   GET     200       1 ms  /3/Jobs/$0301c0a802fd32d4ffffffff$_bb6e63e3f5d06d9363e93cb90f1a41c4
2019-03-07 17:54:22,639   GET     200       1 ms  /3/Jobs/$0301c0a802fd32d4ffffffff$_bb6e63e3f5d06d9363e93cb90f1a41c4
2019-03-07 17:54:23,538   GET     200       1 ms  /3/Jobs/$0301c0a802fd32d4ffffffff$_bb6e63e3f5d06d9363e93cb90f1a41c4
2019-03-07 17:54:24,618   GET     200       1 ms  /3/Jobs/$0301c0a802fd32d4ffffffff$_bb6e63e3f5d06d9363e93cb90f1a41c4
2019-03-07 17:54:25,917   GET     200       1 ms  /3/Jobs/$0301c0a802fd32d4ffffffff$_bb6e63e3f5d06d9363e93cb90f1a41c4
2019-03-07 17:54:26,009   GET     200      84 ms  /3/Models/KMeans_model_python_1551999192938_1
2019-03-07 17:54:26,052   POST    200      26 ms  /99/Rapids
2019-03-07 17:54:26,056   POST    200       1 ms  /4/Predictions/models/KMeans_model_python_1551999192938_1/frames/py_5_sid_9485
2019-03-07 17:54:26,069   GET     200       1 ms  /3/Jobs/$0301c0a802fd32d4ffffffff$_81f9c77f53c1a8b55e36e62725ec4bb2
2019-03-07 17:54:26,273   GET     200       1 ms  /3/Jobs/$0301c0a802fd32d4ffffffff$_81f9c77f53c1a8b55e36e62725ec4bb2
2019-03-07 17:54:26,279   GET     200       3 ms  /3/Frames/predictions_ba72_KMeans_model_python_1551999192938_1_on_py_5_sid_9485
2019-03-07 17:54:26,623   GET     200     341 ms  /3/DownloadDataset
2019-03-07 17:54:35,430   GET     200    8687 ms  /3/DownloadDataset
2019-03-07 17:54:44,543   GET     301       0 ms  /
2019-03-07 17:54:44,548   GET     200       3 ms  /flow/index.html
2019-03-07 17:54:44,559   POST    200       2 ms  /3/Shutdown
2019-03-07 17:54:44,581   DELETE  200      19 ms  /4/sessions/_sid_9485
