2019-03-09 14:17:32,614   GET     200     388 ms  /3/Cloud
2019-03-09 14:17:32,689   GET     200      62 ms  /3/Capabilities/API
2019-03-09 14:17:56,492   POST    999    1164 ms  /3/PostFile
2019-03-09 14:17:56,922   POST    200     406 ms  /3/ParseSetup
2019-03-09 14:17:56,984   POST    200      55 ms  /3/Parse
2019-03-09 14:17:57,004   GET     200      10 ms  /3/Jobs/$0301c0a802fe32d4ffffffff$_bb27f27e941b10acf816ace8dc254229
2019-03-09 14:17:57,226   GET     200      13 ms  /3/Jobs/$0301c0a802fe32d4ffffffff$_bb27f27e941b10acf816ace8dc254229
2019-03-09 14:17:57,438   GET     200       1 ms  /3/Jobs/$0301c0a802fe32d4ffffffff$_bb27f27e941b10acf816ace8dc254229
2019-03-09 14:17:57,654   GET     200       1 ms  /3/Jobs/$0301c0a802fe32d4ffffffff$_bb27f27e941b10acf816ace8dc254229
2019-03-09 14:17:57,887   GET     200       1 ms  /3/Jobs/$0301c0a802fe32d4ffffffff$_bb27f27e941b10acf816ace8dc254229
2019-03-09 14:17:58,121   GET     200      12 ms  /3/Jobs/$0301c0a802fe32d4ffffffff$_bb27f27e941b10acf816ace8dc254229
2019-03-09 14:17:58,349   GET     200       0 ms  /3/Jobs/$0301c0a802fe32d4ffffffff$_bb27f27e941b10acf816ace8dc254229
2019-03-09 14:17:58,629   GET     200       1 ms  /3/Jobs/$0301c0a802fe32d4ffffffff$_bb27f27e941b10acf816ace8dc254229
2019-03-09 14:17:58,968   GET     200       1 ms  /3/Jobs/$0301c0a802fe32d4ffffffff$_bb27f27e941b10acf816ace8dc254229
2019-03-09 14:17:59,367   GET     200       2 ms  /3/Jobs/$0301c0a802fe32d4ffffffff$_bb27f27e941b10acf816ace8dc254229
2019-03-09 14:17:59,849   GET     200       1 ms  /3/Jobs/$0301c0a802fe32d4ffffffff$_bb27f27e941b10acf816ace8dc254229
2019-03-09 14:18:00,676   GET     200       2 ms  /3/Jobs/$0301c0a802fe32d4ffffffff$_bb27f27e941b10acf816ace8dc254229
2019-03-09 14:18:01,415   GET     200       0 ms  /3/Jobs/$0301c0a802fe32d4ffffffff$_bb27f27e941b10acf816ace8dc254229
2019-03-09 14:18:01,477   GET     200      58 ms  /3/Frames/Key_Frame__upload_b64e16351f6ffdaa2a86aaebc4a14b94.hex
2019-03-09 14:18:23,669   POST    999     973 ms  /3/PostFile
2019-03-09 14:18:24,045   POST    200     362 ms  /3/ParseSetup
2019-03-09 14:18:24,052   POST    200       3 ms  /3/Parse
2019-03-09 14:18:24,058   GET     200       1 ms  /3/Jobs/$0301c0a802fe32d4ffffffff$_a3a060bdbedc72a96d72878b0e8e4e06
2019-03-09 14:18:24,265   GET     200       0 ms  /3/Jobs/$0301c0a802fe32d4ffffffff$_a3a060bdbedc72a96d72878b0e8e4e06
2019-03-09 14:18:24,480   GET     200       1 ms  /3/Jobs/$0301c0a802fe32d4ffffffff$_a3a060bdbedc72a96d72878b0e8e4e06
2019-03-09 14:18:24,697   GET     200       1 ms  /3/Jobs/$0301c0a802fe32d4ffffffff$_a3a060bdbedc72a96d72878b0e8e4e06
2019-03-09 14:18:24,903   GET     200       0 ms  /3/Jobs/$0301c0a802fe32d4ffffffff$_a3a060bdbedc72a96d72878b0e8e4e06
2019-03-09 14:18:25,253   GET     200       0 ms  /3/Jobs/$0301c0a802fe32d4ffffffff$_a3a060bdbedc72a96d72878b0e8e4e06
2019-03-09 14:18:25,503   GET     200       0 ms  /3/Jobs/$0301c0a802fe32d4ffffffff$_a3a060bdbedc72a96d72878b0e8e4e06
2019-03-09 14:18:25,805   GET     200       1 ms  /3/Jobs/$0301c0a802fe32d4ffffffff$_a3a060bdbedc72a96d72878b0e8e4e06
2019-03-09 14:18:26,169   GET     200       1 ms  /3/Jobs/$0301c0a802fe32d4ffffffff$_a3a060bdbedc72a96d72878b0e8e4e06
2019-03-09 14:18:26,609   GET     200       1 ms  /3/Jobs/$0301c0a802fe32d4ffffffff$_a3a060bdbedc72a96d72878b0e8e4e06
2019-03-09 14:18:27,130   GET     200       2 ms  /3/Jobs/$0301c0a802fe32d4ffffffff$_a3a060bdbedc72a96d72878b0e8e4e06
2019-03-09 14:18:27,172   GET     200      31 ms  /3/Frames/Key_Frame__upload_997686d09cab45517f299b6e125947d6.hex
2019-03-09 14:18:27,436   POST    200       7 ms  /4/sessions
2019-03-09 14:18:27,528   POST    200      88 ms  /99/Rapids
2019-03-09 14:18:27,828   POST    200     273 ms  /99/Rapids
2019-03-09 14:18:27,838   POST    200       1 ms  /99/Rapids
2019-03-09 14:18:27,845   POST    200       4 ms  /99/Rapids
2019-03-09 14:18:28,448   POST    200     570 ms  /99/Rapids
2019-03-09 14:18:28,807   POST    200     333 ms  /99/Rapids
2019-03-09 14:18:29,051   POST    200     241 ms  /3/ModelBuilders/glm
2019-03-09 14:18:29,069   GET     200       5 ms  /3/Jobs/$0301c0a802fe32d4ffffffff$_a2e5e0415d63cee4d85d5f7335fe454b
2019-03-09 14:18:29,275   GET     200       1 ms  /3/Jobs/$0301c0a802fe32d4ffffffff$_a2e5e0415d63cee4d85d5f7335fe454b
2019-03-09 14:18:29,487   GET     200       2 ms  /3/Jobs/$0301c0a802fe32d4ffffffff$_a2e5e0415d63cee4d85d5f7335fe454b
2019-03-09 14:18:29,691   GET     200       1 ms  /3/Jobs/$0301c0a802fe32d4ffffffff$_a2e5e0415d63cee4d85d5f7335fe454b
2019-03-09 14:18:29,895   GET     200       1 ms  /3/Jobs/$0301c0a802fe32d4ffffffff$_a2e5e0415d63cee4d85d5f7335fe454b
2019-03-09 14:18:30,100   GET     200       1 ms  /3/Jobs/$0301c0a802fe32d4ffffffff$_a2e5e0415d63cee4d85d5f7335fe454b
2019-03-09 14:18:30,310   GET     200       1 ms  /3/Jobs/$0301c0a802fe32d4ffffffff$_a2e5e0415d63cee4d85d5f7335fe454b
2019-03-09 14:18:30,564   GET     200       1 ms  /3/Jobs/$0301c0a802fe32d4ffffffff$_a2e5e0415d63cee4d85d5f7335fe454b
2019-03-09 14:18:30,868   GET     200       1 ms  /3/Jobs/$0301c0a802fe32d4ffffffff$_a2e5e0415d63cee4d85d5f7335fe454b
2019-03-09 14:18:31,232   GET     200       1 ms  /3/Jobs/$0301c0a802fe32d4ffffffff$_a2e5e0415d63cee4d85d5f7335fe454b
2019-03-09 14:18:31,669   GET     200       1 ms  /3/Jobs/$0301c0a802fe32d4ffffffff$_a2e5e0415d63cee4d85d5f7335fe454b
2019-03-09 14:18:31,847   GET     200     172 ms  /3/Models/GLM_model_python_1552159042030_1
2019-03-09 14:18:31,920   POST    200      30 ms  /99/Rapids
2019-03-09 14:18:32,340   POST    200     418 ms  /3/ModelMetrics/models/GLM_model_python_1552159042030_1/frames/py_5_sid_abd6
2019-03-09 14:18:32,348   POST    200       2 ms  /4/Predictions/models/GLM_model_python_1552159042030_1/frames/py_5_sid_abd6
2019-03-09 14:18:32,357   GET     200       1 ms  /3/Jobs/$0301c0a802fe32d4ffffffff$_a3432de86d830321258c983a0ac04b74
2019-03-09 14:18:32,563   GET     200       1 ms  /3/Jobs/$0301c0a802fe32d4ffffffff$_a3432de86d830321258c983a0ac04b74
2019-03-09 14:18:32,766   GET     200       0 ms  /3/Jobs/$0301c0a802fe32d4ffffffff$_a3432de86d830321258c983a0ac04b74
2019-03-09 14:18:32,777   GET     200       8 ms  /3/Frames/predictions_9ab7_GLM_model_python_1552159042030_1_on_py_5_sid_abd6
2019-03-09 14:18:33,994   GET     200    1206 ms  /3/DownloadDataset
2019-03-09 14:18:43,497   GET     200    8344 ms  /3/DownloadDataset
2019-03-09 14:18:52,852   GET     301       1 ms  /
2019-03-09 14:18:52,858   GET     200       3 ms  /flow/index.html
2019-03-09 14:18:52,864   POST    200       3 ms  /3/Shutdown
2019-03-09 14:18:52,884   DELETE  200      16 ms  /4/sessions/_sid_abd6
