2019-03-14 11:46:29,873   GET     200     401 ms  /3/Cloud
2019-03-14 11:46:30,090   GET     200      72 ms  /3/Capabilities/API
2019-03-14 11:46:53,606   POST    999     914 ms  /3/PostFile
2019-03-14 11:46:54,732   POST    200    1103 ms  /3/ParseSetup
2019-03-14 11:46:54,811   POST    200      71 ms  /3/Parse
2019-03-14 11:46:54,821   GET     200       6 ms  /3/Jobs/$0301c0a802fe32d4ffffffff$_9e71c520ee3c0457584683e4012949b0
2019-03-14 11:46:55,030   GET     200       4 ms  /3/Jobs/$0301c0a802fe32d4ffffffff$_9e71c520ee3c0457584683e4012949b0
2019-03-14 11:46:55,239   GET     200       1 ms  /3/Jobs/$0301c0a802fe32d4ffffffff$_9e71c520ee3c0457584683e4012949b0
2019-03-14 11:46:55,449   GET     200       2 ms  /3/Jobs/$0301c0a802fe32d4ffffffff$_9e71c520ee3c0457584683e4012949b0
2019-03-14 11:46:55,659   GET     200       1 ms  /3/Jobs/$0301c0a802fe32d4ffffffff$_9e71c520ee3c0457584683e4012949b0
2019-03-14 11:46:55,871   GET     200       0 ms  /3/Jobs/$0301c0a802fe32d4ffffffff$_9e71c520ee3c0457584683e4012949b0
2019-03-14 11:46:56,099   GET     200       1 ms  /3/Jobs/$0301c0a802fe32d4ffffffff$_9e71c520ee3c0457584683e4012949b0
2019-03-14 11:46:56,382   GET     200      13 ms  /3/Jobs/$0301c0a802fe32d4ffffffff$_9e71c520ee3c0457584683e4012949b0
2019-03-14 11:46:56,715   GET     200       0 ms  /3/Jobs/$0301c0a802fe32d4ffffffff$_9e71c520ee3c0457584683e4012949b0
2019-03-14 11:46:57,154   GET     200       3 ms  /3/Jobs/$0301c0a802fe32d4ffffffff$_9e71c520ee3c0457584683e4012949b0
2019-03-14 11:46:57,647   GET     200       1 ms  /3/Jobs/$0301c0a802fe32d4ffffffff$_9e71c520ee3c0457584683e4012949b0
2019-03-14 11:46:58,315   GET     200       1 ms  /3/Jobs/$0301c0a802fe32d4ffffffff$_9e71c520ee3c0457584683e4012949b0
2019-03-14 11:46:59,027   GET     200       0 ms  /3/Jobs/$0301c0a802fe32d4ffffffff$_9e71c520ee3c0457584683e4012949b0
2019-03-14 11:46:59,905   GET     200       0 ms  /3/Jobs/$0301c0a802fe32d4ffffffff$_9e71c520ee3c0457584683e4012949b0
2019-03-14 11:47:00,731   GET     200       1 ms  /3/Jobs/$0301c0a802fe32d4ffffffff$_9e71c520ee3c0457584683e4012949b0
2019-03-14 11:47:01,337   GET     200       1 ms  /3/Jobs/$0301c0a802fe32d4ffffffff$_9e71c520ee3c0457584683e4012949b0
2019-03-14 11:47:01,400   GET     200      59 ms  /3/Frames/Key_Frame__upload_b92031850c94199334ddf4c57b804ea3.hex
2019-03-14 11:47:23,849   POST    999     756 ms  /3/PostFile
2019-03-14 11:47:24,509   POST    200     644 ms  /3/ParseSetup
2019-03-14 11:47:24,514   POST    200       2 ms  /3/Parse
2019-03-14 11:47:24,570   GET     200       2 ms  /3/Jobs/$0301c0a802fe32d4ffffffff$_8a853f593ab02d5b2818ab262cc84d1f
2019-03-14 11:47:24,779   GET     200       1 ms  /3/Jobs/$0301c0a802fe32d4ffffffff$_8a853f593ab02d5b2818ab262cc84d1f
2019-03-14 11:47:24,987   GET     200       1 ms  /3/Jobs/$0301c0a802fe32d4ffffffff$_8a853f593ab02d5b2818ab262cc84d1f
2019-03-14 11:47:25,195   GET     200       1 ms  /3/Jobs/$0301c0a802fe32d4ffffffff$_8a853f593ab02d5b2818ab262cc84d1f
2019-03-14 11:47:25,403   GET     200       1 ms  /3/Jobs/$0301c0a802fe32d4ffffffff$_8a853f593ab02d5b2818ab262cc84d1f
2019-03-14 11:47:25,628   GET     200       1 ms  /3/Jobs/$0301c0a802fe32d4ffffffff$_8a853f593ab02d5b2818ab262cc84d1f
2019-03-14 11:47:25,848   GET     200       1 ms  /3/Jobs/$0301c0a802fe32d4ffffffff$_8a853f593ab02d5b2818ab262cc84d1f
2019-03-14 11:47:26,115   GET     200       1 ms  /3/Jobs/$0301c0a802fe32d4ffffffff$_8a853f593ab02d5b2818ab262cc84d1f
2019-03-14 11:47:26,445   GET     200       0 ms  /3/Jobs/$0301c0a802fe32d4ffffffff$_8a853f593ab02d5b2818ab262cc84d1f
2019-03-14 11:47:26,839   GET     200       0 ms  /3/Jobs/$0301c0a802fe32d4ffffffff$_8a853f593ab02d5b2818ab262cc84d1f
2019-03-14 11:47:27,301   GET     200       0 ms  /3/Jobs/$0301c0a802fe32d4ffffffff$_8a853f593ab02d5b2818ab262cc84d1f
2019-03-14 11:47:27,860   GET     200       1 ms  /3/Jobs/$0301c0a802fe32d4ffffffff$_8a853f593ab02d5b2818ab262cc84d1f
2019-03-14 11:47:28,523   GET     200       1 ms  /3/Jobs/$0301c0a802fe32d4ffffffff$_8a853f593ab02d5b2818ab262cc84d1f
2019-03-14 11:47:28,543   GET     200      12 ms  /3/Frames/Key_Frame__upload_ae8412e94579ebf2595e3d521ce54b80.hex
2019-03-14 11:47:28,846   POST    200       8 ms  /4/sessions
2019-03-14 11:47:28,999   POST    200     147 ms  /99/Rapids
2019-03-14 11:47:29,440   POST    200     408 ms  /99/Rapids
2019-03-14 11:47:29,450   POST    200       1 ms  /99/Rapids
2019-03-14 11:47:29,458   POST    200       4 ms  /99/Rapids
2019-03-14 11:47:30,222   POST    200     729 ms  /99/Rapids
2019-03-14 11:47:30,541   POST    200     287 ms  /99/Rapids
2019-03-14 11:47:30,737   POST    200     190 ms  /3/ModelBuilders/glm
2019-03-14 11:47:30,751   GET     200       1 ms  /3/Jobs/$0301c0a802fe32d4ffffffff$_bf17e61d6a522575b68435ba21c24a65
2019-03-14 11:47:30,959   GET     200       1 ms  /3/Jobs/$0301c0a802fe32d4ffffffff$_bf17e61d6a522575b68435ba21c24a65
2019-03-14 11:47:31,174   GET     200       4 ms  /3/Jobs/$0301c0a802fe32d4ffffffff$_bf17e61d6a522575b68435ba21c24a65
2019-03-14 11:47:31,383   GET     200       0 ms  /3/Jobs/$0301c0a802fe32d4ffffffff$_bf17e61d6a522575b68435ba21c24a65
2019-03-14 11:47:31,602   GET     200       1 ms  /3/Jobs/$0301c0a802fe32d4ffffffff$_bf17e61d6a522575b68435ba21c24a65
2019-03-14 11:47:31,811   GET     200       1 ms  /3/Jobs/$0301c0a802fe32d4ffffffff$_bf17e61d6a522575b68435ba21c24a65
2019-03-14 11:47:32,030   GET     200       2 ms  /3/Jobs/$0301c0a802fe32d4ffffffff$_bf17e61d6a522575b68435ba21c24a65
2019-03-14 11:47:32,291   GET     200       1 ms  /3/Jobs/$0301c0a802fe32d4ffffffff$_bf17e61d6a522575b68435ba21c24a65
2019-03-14 11:47:32,606   GET     200       1 ms  /3/Jobs/$0301c0a802fe32d4ffffffff$_bf17e61d6a522575b68435ba21c24a65
2019-03-14 11:47:32,986   GET     200       0 ms  /3/Jobs/$0301c0a802fe32d4ffffffff$_bf17e61d6a522575b68435ba21c24a65
2019-03-14 11:47:33,446   GET     200       3 ms  /3/Jobs/$0301c0a802fe32d4ffffffff$_bf17e61d6a522575b68435ba21c24a65
2019-03-14 11:47:33,647   GET     200     189 ms  /3/Models/GLM_model_python_1552578379293_1
2019-03-14 11:47:33,718   POST    200      32 ms  /99/Rapids
2019-03-14 11:47:34,162   POST    200     440 ms  /3/ModelMetrics/models/GLM_model_python_1552578379293_1/frames/py_5_sid_a527
2019-03-14 11:47:34,176   POST    200       2 ms  /4/Predictions/models/GLM_model_python_1552578379293_1/frames/py_5_sid_a527
2019-03-14 11:47:34,181   GET     200       1 ms  /3/Jobs/$0301c0a802fe32d4ffffffff$_8bfae907b391535c3a0cba60fbb142f0
2019-03-14 11:47:34,390   GET     200       0 ms  /3/Jobs/$0301c0a802fe32d4ffffffff$_8bfae907b391535c3a0cba60fbb142f0
2019-03-14 11:47:34,600   GET     200       2 ms  /3/Jobs/$0301c0a802fe32d4ffffffff$_8bfae907b391535c3a0cba60fbb142f0
2019-03-14 11:47:34,645   GET     200      31 ms  /3/Frames/predictions_b6c3_GLM_model_python_1552578379293_1_on_py_5_sid_a527
2019-03-14 11:47:35,896   GET     200    1232 ms  /3/DownloadDataset
2019-03-14 11:47:45,885   GET     200    8821 ms  /3/DownloadDataset
2019-03-14 11:47:55,736   GET     301       2 ms  /
2019-03-14 11:47:55,742   GET     200       4 ms  /flow/index.html
2019-03-14 11:47:55,754   POST    200       4 ms  /3/Shutdown
2019-03-14 11:47:55,780   DELETE  200      22 ms  /4/sessions/_sid_a527
