2019-03-09 12:43:34,148   GET     200     103 ms  /3/Cloud
2019-03-09 12:43:34,175   GET     200      15 ms  /3/Capabilities/API
2019-03-09 12:43:58,166   POST    999    1132 ms  /3/PostFile
2019-03-09 12:43:58,724   POST    200     541 ms  /3/ParseSetup
2019-03-09 12:43:58,812   POST    200      83 ms  /3/Parse
2019-03-09 12:43:58,823   GET     200       6 ms  /3/Jobs/$0301c0a802fe32d4ffffffff$_a0da3c5cc9cc1e3d4b4a91729e0b4e9e
2019-03-09 12:43:59,030   GET     200       1 ms  /3/Jobs/$0301c0a802fe32d4ffffffff$_a0da3c5cc9cc1e3d4b4a91729e0b4e9e
2019-03-09 12:43:59,240   GET     200       1 ms  /3/Jobs/$0301c0a802fe32d4ffffffff$_a0da3c5cc9cc1e3d4b4a91729e0b4e9e
2019-03-09 12:43:59,453   GET     200       0 ms  /3/Jobs/$0301c0a802fe32d4ffffffff$_a0da3c5cc9cc1e3d4b4a91729e0b4e9e
2019-03-09 12:43:59,673   GET     200      10 ms  /3/Jobs/$0301c0a802fe32d4ffffffff$_a0da3c5cc9cc1e3d4b4a91729e0b4e9e
2019-03-09 12:43:59,882   GET     200       0 ms  /3/Jobs/$0301c0a802fe32d4ffffffff$_a0da3c5cc9cc1e3d4b4a91729e0b4e9e
2019-03-09 12:44:00,105   GET     200       1 ms  /3/Jobs/$0301c0a802fe32d4ffffffff$_a0da3c5cc9cc1e3d4b4a91729e0b4e9e
2019-03-09 12:44:00,373   GET     200       1 ms  /3/Jobs/$0301c0a802fe32d4ffffffff$_a0da3c5cc9cc1e3d4b4a91729e0b4e9e
2019-03-09 12:44:00,693   GET     200       0 ms  /3/Jobs/$0301c0a802fe32d4ffffffff$_a0da3c5cc9cc1e3d4b4a91729e0b4e9e
2019-03-09 12:44:01,074   GET     200       1 ms  /3/Jobs/$0301c0a802fe32d4ffffffff$_a0da3c5cc9cc1e3d4b4a91729e0b4e9e
2019-03-09 12:44:01,536   GET     200       1 ms  /3/Jobs/$0301c0a802fe32d4ffffffff$_a0da3c5cc9cc1e3d4b4a91729e0b4e9e
2019-03-09 12:44:02,102   GET     200       1 ms  /3/Jobs/$0301c0a802fe32d4ffffffff$_a0da3c5cc9cc1e3d4b4a91729e0b4e9e
2019-03-09 12:44:02,769   GET     200       0 ms  /3/Jobs/$0301c0a802fe32d4ffffffff$_a0da3c5cc9cc1e3d4b4a91729e0b4e9e
2019-03-09 12:44:03,569   GET     200       1 ms  /3/Jobs/$0301c0a802fe32d4ffffffff$_a0da3c5cc9cc1e3d4b4a91729e0b4e9e
2019-03-09 12:44:04,174   GET     200       0 ms  /3/Jobs/$0301c0a802fe32d4ffffffff$_a0da3c5cc9cc1e3d4b4a91729e0b4e9e
2019-03-09 12:44:04,243   GET     200      65 ms  /3/Frames/Key_Frame__upload_b6968f3bb61557977dd9d4f44e574c65.hex
2019-03-09 12:44:26,308   POST    999     995 ms  /3/PostFile
2019-03-09 12:44:26,668   POST    200     339 ms  /3/ParseSetup
2019-03-09 12:44:26,673   POST    200       2 ms  /3/Parse
2019-03-09 12:44:26,683   GET     200       5 ms  /3/Jobs/$0301c0a802fe32d4ffffffff$_85b613efd12b07c6a6425082d2834698
2019-03-09 12:44:26,917   GET     200       1 ms  /3/Jobs/$0301c0a802fe32d4ffffffff$_85b613efd12b07c6a6425082d2834698
2019-03-09 12:44:27,126   GET     200       0 ms  /3/Jobs/$0301c0a802fe32d4ffffffff$_85b613efd12b07c6a6425082d2834698
2019-03-09 12:44:27,335   GET     200       2 ms  /3/Jobs/$0301c0a802fe32d4ffffffff$_85b613efd12b07c6a6425082d2834698
2019-03-09 12:44:27,546   GET     200       1 ms  /3/Jobs/$0301c0a802fe32d4ffffffff$_85b613efd12b07c6a6425082d2834698
2019-03-09 12:44:27,754   GET     200       1 ms  /3/Jobs/$0301c0a802fe32d4ffffffff$_85b613efd12b07c6a6425082d2834698
2019-03-09 12:44:28,204   GET     200       0 ms  /3/Jobs/$0301c0a802fe32d4ffffffff$_85b613efd12b07c6a6425082d2834698
2019-03-09 12:44:28,517   GET     200       1 ms  /3/Jobs/$0301c0a802fe32d4ffffffff$_85b613efd12b07c6a6425082d2834698
2019-03-09 12:44:28,894   GET     200       1 ms  /3/Jobs/$0301c0a802fe32d4ffffffff$_85b613efd12b07c6a6425082d2834698
2019-03-09 12:44:29,345   GET     200       1 ms  /3/Jobs/$0301c0a802fe32d4ffffffff$_85b613efd12b07c6a6425082d2834698
2019-03-09 12:44:29,884   GET     200       1 ms  /3/Jobs/$0301c0a802fe32d4ffffffff$_85b613efd12b07c6a6425082d2834698
2019-03-09 12:44:30,550   GET     200       1 ms  /3/Jobs/$0301c0a802fe32d4ffffffff$_85b613efd12b07c6a6425082d2834698
2019-03-09 12:44:31,154   GET     200       0 ms  /3/Jobs/$0301c0a802fe32d4ffffffff$_85b613efd12b07c6a6425082d2834698
2019-03-09 12:44:31,166   GET     200       8 ms  /3/Frames/Key_Frame__upload_84f12867f252844b9ef8129ac4b84ca6.hex
2019-03-09 12:44:31,437   POST    200      29 ms  /4/sessions
2019-03-09 12:44:31,552   POST    200     112 ms  /99/Rapids
2019-03-09 12:44:31,991   POST    200     414 ms  /99/Rapids
2019-03-09 12:44:32,003   POST    200       1 ms  /99/Rapids
2019-03-09 12:44:32,020   POST    200       4 ms  /99/Rapids
2019-03-09 12:44:32,862   POST    200     793 ms  /99/Rapids
2019-03-09 12:44:33,084   POST    200     216 ms  /3/ModelBuilders/pca
2019-03-09 12:44:33,093   GET     200       1 ms  /3/Jobs/$0301c0a802fe32d4ffffffff$_8368b1b605f58617e272554998264574
2019-03-09 12:44:33,302   GET     200       1 ms  /3/Jobs/$0301c0a802fe32d4ffffffff$_8368b1b605f58617e272554998264574
2019-03-09 12:44:33,541   GET     200       1 ms  /3/Jobs/$0301c0a802fe32d4ffffffff$_8368b1b605f58617e272554998264574
2019-03-09 12:44:33,747   GET     200       0 ms  /3/Jobs/$0301c0a802fe32d4ffffffff$_8368b1b605f58617e272554998264574
2019-03-09 12:44:33,958   GET     200       5 ms  /3/Jobs/$0301c0a802fe32d4ffffffff$_8368b1b605f58617e272554998264574
2019-03-09 12:44:34,170   GET     200       6 ms  /3/Jobs/$0301c0a802fe32d4ffffffff$_8368b1b605f58617e272554998264574
2019-03-09 12:44:34,395   GET     200       0 ms  /3/Jobs/$0301c0a802fe32d4ffffffff$_8368b1b605f58617e272554998264574
2019-03-09 12:44:34,662   GET     200       0 ms  /3/Jobs/$0301c0a802fe32d4ffffffff$_8368b1b605f58617e272554998264574
2019-03-09 12:44:34,989   GET     200       1 ms  /3/Jobs/$0301c0a802fe32d4ffffffff$_8368b1b605f58617e272554998264574
2019-03-09 12:44:35,375   GET     200       1 ms  /3/Jobs/$0301c0a802fe32d4ffffffff$_8368b1b605f58617e272554998264574
2019-03-09 12:44:35,845   GET     200       0 ms  /3/Jobs/$0301c0a802fe32d4ffffffff$_8368b1b605f58617e272554998264574
2019-03-09 12:44:36,405   GET     200       1 ms  /3/Jobs/$0301c0a802fe32d4ffffffff$_8368b1b605f58617e272554998264574
2019-03-09 12:44:37,017   GET     200       1 ms  /3/Jobs/$0301c0a802fe32d4ffffffff$_8368b1b605f58617e272554998264574
2019-03-09 12:44:37,626   GET     200       1 ms  /3/Jobs/$0301c0a802fe32d4ffffffff$_8368b1b605f58617e272554998264574
2019-03-09 12:44:38,230   GET     200       0 ms  /3/Jobs/$0301c0a802fe32d4ffffffff$_8368b1b605f58617e272554998264574
2019-03-09 12:44:38,331   GET     200      98 ms  /3/Models/PCA_model_python_1552153404330_1
2019-03-09 12:44:38,409   POST    200      39 ms  /99/Rapids
2019-03-09 12:44:38,415   POST    200       2 ms  /4/Predictions/models/PCA_model_python_1552153404330_1/frames/py_4_sid_ab60
2019-03-09 12:44:38,422   GET     200       2 ms  /3/Jobs/$0301c0a802fe32d4ffffffff$_bf7eb4f0d5bc0cc562a47c7eee7645df
2019-03-09 12:44:38,631   GET     200       1 ms  /3/Jobs/$0301c0a802fe32d4ffffffff$_bf7eb4f0d5bc0cc562a47c7eee7645df
2019-03-09 12:44:38,837   GET     200       1 ms  /3/Jobs/$0301c0a802fe32d4ffffffff$_bf7eb4f0d5bc0cc562a47c7eee7645df
2019-03-09 12:44:39,041   GET     200       0 ms  /3/Jobs/$0301c0a802fe32d4ffffffff$_bf7eb4f0d5bc0cc562a47c7eee7645df
2019-03-09 12:44:39,107   GET     200      62 ms  /3/Frames/predictions_82e0_PCA_model_python_1552153404330_1_on_py_4_sid_ab60
2019-03-09 12:44:39,115   GET     301       0 ms  /
2019-03-09 12:44:39,123   GET     200       4 ms  /flow/index.html
2019-03-09 12:44:39,140   POST    200      10 ms  /3/Shutdown
2019-03-09 12:44:39,173   DELETE  200      26 ms  /4/sessions/_sid_ab60
