2019-03-14 11:39:12,507   GET     200     267 ms  /3/Cloud
2019-03-14 11:39:12,611   GET     200      68 ms  /3/Capabilities/API
2019-03-14 11:39:36,790   POST    999    1326 ms  /3/PostFile
2019-03-14 11:39:37,293   POST    200     476 ms  /3/ParseSetup
2019-03-14 11:39:37,371   POST    200      73 ms  /3/Parse
2019-03-14 11:39:37,388   GET     200       8 ms  /3/Jobs/$0301c0a802fe32d4ffffffff$_8bc9011fe6519bd8bcd314fcdab441a3
2019-03-14 11:39:37,602   GET     200      10 ms  /3/Jobs/$0301c0a802fe32d4ffffffff$_8bc9011fe6519bd8bcd314fcdab441a3
2019-03-14 11:39:37,819   GET     200       0 ms  /3/Jobs/$0301c0a802fe32d4ffffffff$_8bc9011fe6519bd8bcd314fcdab441a3
2019-03-14 11:39:38,027   GET     200       1 ms  /3/Jobs/$0301c0a802fe32d4ffffffff$_8bc9011fe6519bd8bcd314fcdab441a3
2019-03-14 11:39:38,235   GET     200       1 ms  /3/Jobs/$0301c0a802fe32d4ffffffff$_8bc9011fe6519bd8bcd314fcdab441a3
2019-03-14 11:39:38,446   GET     200       1 ms  /3/Jobs/$0301c0a802fe32d4ffffffff$_8bc9011fe6519bd8bcd314fcdab441a3
2019-03-14 11:39:38,666   GET     200       0 ms  /3/Jobs/$0301c0a802fe32d4ffffffff$_8bc9011fe6519bd8bcd314fcdab441a3
2019-03-14 11:39:38,935   GET     200       1 ms  /3/Jobs/$0301c0a802fe32d4ffffffff$_8bc9011fe6519bd8bcd314fcdab441a3
2019-03-14 11:39:39,255   GET     200       1 ms  /3/Jobs/$0301c0a802fe32d4ffffffff$_8bc9011fe6519bd8bcd314fcdab441a3
2019-03-14 11:39:39,639   GET     200       1 ms  /3/Jobs/$0301c0a802fe32d4ffffffff$_8bc9011fe6519bd8bcd314fcdab441a3
2019-03-14 11:39:40,102   GET     200       1 ms  /3/Jobs/$0301c0a802fe32d4ffffffff$_8bc9011fe6519bd8bcd314fcdab441a3
2019-03-14 11:39:40,675   GET     200       1 ms  /3/Jobs/$0301c0a802fe32d4ffffffff$_8bc9011fe6519bd8bcd314fcdab441a3
2019-03-14 11:39:41,342   GET     200       2 ms  /3/Jobs/$0301c0a802fe32d4ffffffff$_8bc9011fe6519bd8bcd314fcdab441a3
2019-03-14 11:39:41,487   GET     200     134 ms  /3/Frames/Key_Frame__upload_abdbb53bed8d3de333ff57b5bf7947d1.hex
2019-03-14 11:40:04,019   POST    999    1001 ms  /3/PostFile
2019-03-14 11:40:04,460   POST    200     413 ms  /3/ParseSetup
2019-03-14 11:40:04,466   POST    200       2 ms  /3/Parse
2019-03-14 11:40:04,480   GET     200       6 ms  /3/Jobs/$0301c0a802fe32d4ffffffff$_aa815b5742fcd09f8c19d49ccf44cbe
2019-03-14 11:40:04,686   GET     200       1 ms  /3/Jobs/$0301c0a802fe32d4ffffffff$_aa815b5742fcd09f8c19d49ccf44cbe
2019-03-14 11:40:04,898   GET     200       1 ms  /3/Jobs/$0301c0a802fe32d4ffffffff$_aa815b5742fcd09f8c19d49ccf44cbe
2019-03-14 11:40:05,114   GET     200       0 ms  /3/Jobs/$0301c0a802fe32d4ffffffff$_aa815b5742fcd09f8c19d49ccf44cbe
2019-03-14 11:40:05,329   GET     200       0 ms  /3/Jobs/$0301c0a802fe32d4ffffffff$_aa815b5742fcd09f8c19d49ccf44cbe
2019-03-14 11:40:05,539   GET     200       1 ms  /3/Jobs/$0301c0a802fe32d4ffffffff$_aa815b5742fcd09f8c19d49ccf44cbe
2019-03-14 11:40:05,818   GET     200       0 ms  /3/Jobs/$0301c0a802fe32d4ffffffff$_aa815b5742fcd09f8c19d49ccf44cbe
2019-03-14 11:40:06,102   GET     200       0 ms  /3/Jobs/$0301c0a802fe32d4ffffffff$_aa815b5742fcd09f8c19d49ccf44cbe
2019-03-14 11:40:06,438   GET     200       0 ms  /3/Jobs/$0301c0a802fe32d4ffffffff$_aa815b5742fcd09f8c19d49ccf44cbe
2019-03-14 11:40:06,843   GET     200       3 ms  /3/Jobs/$0301c0a802fe32d4ffffffff$_aa815b5742fcd09f8c19d49ccf44cbe
2019-03-14 11:40:07,325   GET     200       3 ms  /3/Jobs/$0301c0a802fe32d4ffffffff$_aa815b5742fcd09f8c19d49ccf44cbe
2019-03-14 11:40:07,913   GET     200       2 ms  /3/Jobs/$0301c0a802fe32d4ffffffff$_aa815b5742fcd09f8c19d49ccf44cbe
2019-03-14 11:40:07,964   GET     200      33 ms  /3/Frames/Key_Frame__upload_94bed98f0e6d6434b845818224644d09.hex
2019-03-14 11:40:08,254   POST    200       9 ms  /4/sessions
2019-03-14 11:40:08,356   POST    200      99 ms  /99/Rapids
2019-03-14 11:40:08,694   POST    200     307 ms  /99/Rapids
2019-03-14 11:40:08,706   POST    200       0 ms  /99/Rapids
2019-03-14 11:40:08,712   POST    200       3 ms  /99/Rapids
2019-03-14 11:40:09,246   POST    200     508 ms  /99/Rapids
2019-03-14 11:40:09,499   POST    200     231 ms  /99/Rapids
2019-03-14 11:40:09,744   POST    200     241 ms  /3/ModelBuilders/glm
2019-03-14 11:40:09,748   GET     200       1 ms  /3/Jobs/$0301c0a802fe32d4ffffffff$_a4d48e55e1c1e65fc521ded99e8c45f1
2019-03-14 11:40:09,952   GET     200       0 ms  /3/Jobs/$0301c0a802fe32d4ffffffff$_a4d48e55e1c1e65fc521ded99e8c45f1
2019-03-14 11:40:10,157   GET     200       1 ms  /3/Jobs/$0301c0a802fe32d4ffffffff$_a4d48e55e1c1e65fc521ded99e8c45f1
2019-03-14 11:40:10,361   GET     200       0 ms  /3/Jobs/$0301c0a802fe32d4ffffffff$_a4d48e55e1c1e65fc521ded99e8c45f1
2019-03-14 11:40:10,566   GET     200       1 ms  /3/Jobs/$0301c0a802fe32d4ffffffff$_a4d48e55e1c1e65fc521ded99e8c45f1
2019-03-14 11:40:10,770   GET     200       1 ms  /3/Jobs/$0301c0a802fe32d4ffffffff$_a4d48e55e1c1e65fc521ded99e8c45f1
2019-03-14 11:40:10,978   GET     200       0 ms  /3/Jobs/$0301c0a802fe32d4ffffffff$_a4d48e55e1c1e65fc521ded99e8c45f1
2019-03-14 11:40:11,229   GET     200       1 ms  /3/Jobs/$0301c0a802fe32d4ffffffff$_a4d48e55e1c1e65fc521ded99e8c45f1
2019-03-14 11:40:11,529   GET     200       0 ms  /3/Jobs/$0301c0a802fe32d4ffffffff$_a4d48e55e1c1e65fc521ded99e8c45f1
2019-03-14 11:40:11,890   GET     200       0 ms  /3/Jobs/$0301c0a802fe32d4ffffffff$_a4d48e55e1c1e65fc521ded99e8c45f1
2019-03-14 11:40:12,322   GET     200       1 ms  /3/Jobs/$0301c0a802fe32d4ffffffff$_a4d48e55e1c1e65fc521ded99e8c45f1
2019-03-14 11:40:12,848   GET     200       1 ms  /3/Jobs/$0301c0a802fe32d4ffffffff$_a4d48e55e1c1e65fc521ded99e8c45f1
2019-03-14 11:40:13,055   GET     200     198 ms  /3/Models/GLM_model_python_1552577941961_1
2019-03-14 11:40:13,111   POST    200      30 ms  /99/Rapids
2019-03-14 11:40:13,586   POST    200     472 ms  /3/ModelMetrics/models/GLM_model_python_1552577941961_1/frames/py_5_sid_a6fb
2019-03-14 11:40:13,595   POST    200       2 ms  /4/Predictions/models/GLM_model_python_1552577941961_1/frames/py_5_sid_a6fb
2019-03-14 11:40:13,599   GET     200       0 ms  /3/Jobs/$0301c0a802fe32d4ffffffff$_886250cc7ed44a1932023788314c49c2
2019-03-14 11:40:13,804   GET     200       0 ms  /3/Jobs/$0301c0a802fe32d4ffffffff$_886250cc7ed44a1932023788314c49c2
2019-03-14 11:40:14,008   GET     200       1 ms  /3/Jobs/$0301c0a802fe32d4ffffffff$_886250cc7ed44a1932023788314c49c2
2019-03-14 11:40:14,017   GET     200       7 ms  /3/Frames/predictions_a2b6_GLM_model_python_1552577941961_1_on_py_5_sid_a6fb
2019-03-14 11:40:15,278   GET     200    1248 ms  /3/DownloadDataset
2019-03-14 11:40:25,017   GET     200    8532 ms  /3/DownloadDataset
2019-03-14 11:40:35,388   GET     301       1 ms  /
2019-03-14 11:40:35,394   GET     200       3 ms  /flow/index.html
2019-03-14 11:40:35,401   POST    200       4 ms  /3/Shutdown
2019-03-14 11:40:35,420   DELETE  200      11 ms  /4/sessions/_sid_a6fb
