2019-03-07 18:03:06,258   GET     200      95 ms  /3/Cloud
2019-03-07 18:03:06,277   GET     200      13 ms  /3/Capabilities/API
2019-03-07 18:03:29,679   POST    999    1232 ms  /3/PostFile
2019-03-07 18:03:30,134   POST    200     441 ms  /3/ParseSetup
2019-03-07 18:03:30,215   POST    200      77 ms  /3/Parse
2019-03-07 18:03:30,227   GET     200       6 ms  /3/Jobs/$0301c0a802fd32d4ffffffff$_b9b7f4834ceb2ac6ba8d3f169aa84035
2019-03-07 18:03:30,861   GET     200     427 ms  /3/Jobs/$0301c0a802fd32d4ffffffff$_b9b7f4834ceb2ac6ba8d3f169aa84035
2019-03-07 18:03:31,067   GET     200       1 ms  /3/Jobs/$0301c0a802fd32d4ffffffff$_b9b7f4834ceb2ac6ba8d3f169aa84035
2019-03-07 18:03:31,275   GET     200       1 ms  /3/Jobs/$0301c0a802fd32d4ffffffff$_b9b7f4834ceb2ac6ba8d3f169aa84035
2019-03-07 18:03:31,498   GET     200       5 ms  /3/Jobs/$0301c0a802fd32d4ffffffff$_b9b7f4834ceb2ac6ba8d3f169aa84035
2019-03-07 18:03:31,762   GET     200       1 ms  /3/Jobs/$0301c0a802fd32d4ffffffff$_b9b7f4834ceb2ac6ba8d3f169aa84035
2019-03-07 18:03:32,083   GET     200       1 ms  /3/Jobs/$0301c0a802fd32d4ffffffff$_b9b7f4834ceb2ac6ba8d3f169aa84035
2019-03-07 18:03:32,468   GET     200       1 ms  /3/Jobs/$0301c0a802fd32d4ffffffff$_b9b7f4834ceb2ac6ba8d3f169aa84035
2019-03-07 18:03:32,926   GET     200       0 ms  /3/Jobs/$0301c0a802fd32d4ffffffff$_b9b7f4834ceb2ac6ba8d3f169aa84035
2019-03-07 18:03:33,476   GET     200       1 ms  /3/Jobs/$0301c0a802fd32d4ffffffff$_b9b7f4834ceb2ac6ba8d3f169aa84035
2019-03-07 18:03:34,143   GET     200       1 ms  /3/Jobs/$0301c0a802fd32d4ffffffff$_b9b7f4834ceb2ac6ba8d3f169aa84035
2019-03-07 18:03:34,944   GET     200       1 ms  /3/Jobs/$0301c0a802fd32d4ffffffff$_b9b7f4834ceb2ac6ba8d3f169aa84035
2019-03-07 18:03:35,549   GET     200       1 ms  /3/Jobs/$0301c0a802fd32d4ffffffff$_b9b7f4834ceb2ac6ba8d3f169aa84035
2019-03-07 18:03:35,627   GET     200      73 ms  /3/Frames/Key_Frame__upload_8b70b437c3b10b27c8a60489d6a14ad4.hex
2019-03-07 18:03:57,665   POST    999     982 ms  /3/PostFile
2019-03-07 18:03:58,015   POST    200     334 ms  /3/ParseSetup
2019-03-07 18:03:58,021   POST    200       2 ms  /3/Parse
2019-03-07 18:03:58,046   GET     200      20 ms  /3/Jobs/$0301c0a802fd32d4ffffffff$_afeac00190f30487c3221532bcf943ec
2019-03-07 18:03:58,256   GET     200       1 ms  /3/Jobs/$0301c0a802fd32d4ffffffff$_afeac00190f30487c3221532bcf943ec
2019-03-07 18:03:58,463   GET     200       1 ms  /3/Jobs/$0301c0a802fd32d4ffffffff$_afeac00190f30487c3221532bcf943ec
2019-03-07 18:03:58,678   GET     200       1 ms  /3/Jobs/$0301c0a802fd32d4ffffffff$_afeac00190f30487c3221532bcf943ec
2019-03-07 18:03:58,894   GET     200       1 ms  /3/Jobs/$0301c0a802fd32d4ffffffff$_afeac00190f30487c3221532bcf943ec
2019-03-07 18:03:59,141   GET     200       1 ms  /3/Jobs/$0301c0a802fd32d4ffffffff$_afeac00190f30487c3221532bcf943ec
2019-03-07 18:03:59,365   GET     200       1 ms  /3/Jobs/$0301c0a802fd32d4ffffffff$_afeac00190f30487c3221532bcf943ec
2019-03-07 18:03:59,638   GET     200       0 ms  /3/Jobs/$0301c0a802fd32d4ffffffff$_afeac00190f30487c3221532bcf943ec
2019-03-07 18:03:59,964   GET     200       1 ms  /3/Jobs/$0301c0a802fd32d4ffffffff$_afeac00190f30487c3221532bcf943ec
2019-03-07 18:04:00,353   GET     200       1 ms  /3/Jobs/$0301c0a802fd32d4ffffffff$_afeac00190f30487c3221532bcf943ec
2019-03-07 18:04:00,823   GET     200       1 ms  /3/Jobs/$0301c0a802fd32d4ffffffff$_afeac00190f30487c3221532bcf943ec
2019-03-07 18:04:01,384   GET     200       1 ms  /3/Jobs/$0301c0a802fd32d4ffffffff$_afeac00190f30487c3221532bcf943ec
2019-03-07 18:04:02,062   GET     200       2 ms  /3/Jobs/$0301c0a802fd32d4ffffffff$_afeac00190f30487c3221532bcf943ec
2019-03-07 18:04:02,113   GET     200      39 ms  /3/Frames/Key_Frame__upload_ad52f81142d59d046f069bea55084c9a.hex
2019-03-07 18:04:02,425   POST    200       6 ms  /4/sessions
2019-03-07 18:04:02,520   POST    200      92 ms  /99/Rapids
2019-03-07 18:04:03,099   POST    200     552 ms  /99/Rapids
2019-03-07 18:04:03,114   POST    200       1 ms  /99/Rapids
2019-03-07 18:04:03,123   POST    200       4 ms  /99/Rapids
2019-03-07 18:04:03,624   POST    200     468 ms  /99/Rapids
2019-03-07 18:04:03,777   POST    200     150 ms  /3/ModelBuilders/pca
2019-03-07 18:04:03,789   GET     200       0 ms  /3/Jobs/$0301c0a802fd32d4ffffffff$_828565af84d0091e8c7ff29916374600
2019-03-07 18:04:03,994   GET     200       0 ms  /3/Jobs/$0301c0a802fd32d4ffffffff$_828565af84d0091e8c7ff29916374600
2019-03-07 18:04:04,199   GET     200       1 ms  /3/Jobs/$0301c0a802fd32d4ffffffff$_828565af84d0091e8c7ff29916374600
2019-03-07 18:04:04,403   GET     200       0 ms  /3/Jobs/$0301c0a802fd32d4ffffffff$_828565af84d0091e8c7ff29916374600
2019-03-07 18:04:04,607   GET     200       0 ms  /3/Jobs/$0301c0a802fd32d4ffffffff$_828565af84d0091e8c7ff29916374600
2019-03-07 18:04:04,812   GET     200       1 ms  /3/Jobs/$0301c0a802fd32d4ffffffff$_828565af84d0091e8c7ff29916374600
2019-03-07 18:04:05,022   GET     200       1 ms  /3/Jobs/$0301c0a802fd32d4ffffffff$_828565af84d0091e8c7ff29916374600
2019-03-07 18:04:05,278   GET     200       1 ms  /3/Jobs/$0301c0a802fd32d4ffffffff$_828565af84d0091e8c7ff29916374600
2019-03-07 18:04:05,581   GET     200       1 ms  /3/Jobs/$0301c0a802fd32d4ffffffff$_828565af84d0091e8c7ff29916374600
2019-03-07 18:04:05,944   GET     200       1 ms  /3/Jobs/$0301c0a802fd32d4ffffffff$_828565af84d0091e8c7ff29916374600
2019-03-07 18:04:06,379   GET     200       0 ms  /3/Jobs/$0301c0a802fd32d4ffffffff$_828565af84d0091e8c7ff29916374600
2019-03-07 18:04:06,901   GET     200       1 ms  /3/Jobs/$0301c0a802fd32d4ffffffff$_828565af84d0091e8c7ff29916374600
2019-03-07 18:04:07,505   GET     200       0 ms  /3/Jobs/$0301c0a802fd32d4ffffffff$_828565af84d0091e8c7ff29916374600
2019-03-07 18:04:07,573   GET     200      63 ms  /3/Models/PCA_model_python_1551999776253_1
2019-03-07 18:04:07,630   POST    200      28 ms  /99/Rapids
2019-03-07 18:04:07,634   POST    200       2 ms  /4/Predictions/models/PCA_model_python_1551999776253_1/frames/py_4_sid_acbc
2019-03-07 18:04:07,655   GET     200       1 ms  /3/Jobs/$0301c0a802fd32d4ffffffff$_b3589c347292821bdff1597a7e2742c3
2019-03-07 18:04:07,859   GET     200       1 ms  /3/Jobs/$0301c0a802fd32d4ffffffff$_b3589c347292821bdff1597a7e2742c3
2019-03-07 18:04:08,063   GET     200       1 ms  /3/Jobs/$0301c0a802fd32d4ffffffff$_b3589c347292821bdff1597a7e2742c3
2019-03-07 18:04:08,148   GET     200      80 ms  /3/Frames/predictions_a8dc_PCA_model_python_1551999776253_1_on_py_4_sid_acbc
2019-03-07 18:04:08,159   GET     301       1 ms  /
2019-03-07 18:04:08,171   GET     200       6 ms  /flow/index.html
2019-03-07 18:04:08,180   POST    200       4 ms  /3/Shutdown
2019-03-07 18:04:08,207   DELETE  200      16 ms  /4/sessions/_sid_acbc
